NumBoids 40
Frame 0
B0 19.0117 -8.93752 50
B1 15.7976 -42.0446 14.614
B2 -2.41687 50 -50
B3 -50 -11.7084 -33.199
B4 50 23.763 41.004
B5 44.8975 -50 -50
B6 -33.9148 -10.1979 -36.2697
B7 -50 50 -50
B8 -1.72345 50 -14.9771
B9 9.86922 36.5199 -39.7509
B10 -19.421 50 50
B11 -39.8347 19.6228 50
B12 -50 1.74947 50
B13 50 9.41355 -12.7711
B14 0.747774 3.08627 39.335
B15 -5.76662 -45.5702 -50
B16 -50 15.4563 -1.67883
B17 49.6819 2.91685 50
B18 -50 -16.9455 -11.7127
B19 50 -25.2507 35.0317
B20 39.1951 -23.7037 -50
B21 2.04167 39.7549 50
B22 46.7849 -50 50
B23 -16.7168 50 -28.317
B24 50 50 -50
B25 50 50 50
B26 -2.37878 -50 15.8988
B27 -43.1519 17.8853 50
B28 30.1461 50 50
B29 50 2.9233 -28.1999
B30 -44.7718 -29.1735 1.86279
B31 -25.4739 29.1614 46.4973
B32 -12.0494 50 29.613
B33 50 14.868 -50
B34 50 -50 -36.0293
B35 -6.92447 -50 -50
B36 -41.9841 17.6984 22.5326
B37 -19.7638 -39.039 26.0842
B38 -15.9771 -28.4615 -50
B39 -45.6188 -41.4598 41.9125
Frame 1
B0 18.6451 -9.75542 49.9054
B1 15.1728 -41.4626 14.1051
B2 -3.11677 49.9486 50
B3 50 -12.5418 -32.7815
B4 49.7512 23.3444 41.8743
B5 43.9754 -49.9669 50
B6 -34.2225 -10.8235 -35.5528
B7 -49.6071 -50 -49.5684
B8 -2.15493 -50 -14.8017
B9 9.50936 36.5066 -38.818
B10 -19.2153 -50 49.3287
B11 -39.6861 19.0563 -50
B12 -49.4191 2.47253 -50
B13 -50 9.18705 -12.0139
B14 0.631321 2.98828 40.3233
B15 -5.891 -46.315 -49.394
B16 50 14.5935 -2.1423
B17 48.8682 3.34106 49.6026
B18 -49.0857 -17.1134 -11.344
B19 49.3167 -25.9052 35.3554
B20 39.7741 -24.1678 -49.3296
B21 1.73071 39.3451 49.1425
B22 47.5754 -49.6394 49.5051
B23 -16.2439 -50 -27.7478
B24 49.85 49.2317 -49.3777
B25 49.6666 49.0827 -50
B26 -2.59275 50 16.873
B27 -42.4794 18.609 49.8453
B28 29.2422 -50 -50
B29 -50 3.2124 -27.96
B30 -44.2099 -29.9955 1.7705
B31 -25.3772 29.5071 45.5639
B32 -12.1984 49.1447 29.1882
B33 49.3284 14.3085 50
B34 49.4745 -49.2436 -36.4188
B35 -6.45933 50 50
B36 -42.8928 17.8669 22.6755
B37 -19.1847 -39.4241 26.7129
B38 -16.1275 -27.8075 50
B39 -46.0512 -42.0473 42.4135
Frame 2
B0 18.3965 -10.5079 49.7455
B1 14.4557 -40.9757 13.6064
B2 -3.74029 49.8323 49.35
B3 49.6483 -13.4298 -32.4853
B4 49.5306 22.833 42.7048
B5 43.0812 -49.807 49.7186
B6 -34.6086 -11.3213 -34.833
B7 -49.1095 -49.278 -49.0876
B8 -2.58383 -49.1642 -14.7605
B9 9.16708 36.3817 -37.8867
B10 -19.1012 -49.331 48.5998
B11 -39.5922 18.3657 -49.2829
B12 -48.8538 3.13464 -49.508
B13 -49.6045 8.91191 -11.3941
B14 0.443998 2.96922 41.3054
B15 -5.92685 -47.0222 -48.6879
B16 49.6607 13.7645 -2.55639
B17 48.0287 3.66383 49.1657
B18 -48.1523 -17.163 -11.0658
B19 48.62 -26.4855 35.7771
B20 40.2944 -24.7002 -48.6619
B21 1.34786 38.9877 48.2906
B22 48.2875 -49.1817 48.9727
B23 -15.822 -49.4338 -27.3197
B24 49.6585 48.4296 -48.8956
B25 49.3643 48.183 -49.685
B26 -2.78188 49.9198 17.8517
B27 -41.8084 19.2956 49.5654
B28 28.3929 -49.6904 -49.5723
B29 -49.0948 3.43248 -27.7973
B30 -43.5496 -30.7464 1.75972
B31 -25.1488 29.8639 44.6581
B32 -12.2952 48.2701 28.9026
B33 48.5696 13.6752 49.8478
B34 48.968 -48.4661 -36.7917
B35 -6.12312 49.7083 49.2199
B36 -43.6967 18.0641 22.9218
B37 -18.6953 -39.7681 27.4546
B38 -16.2151 -27.1712 49.302
B39 -46.3426 -42.5916 42.8869
Frame 3
B0 18.2618 -11.1853 49.5231
B1 13.6675 -40.5855 13.1304
B2 -4.25281 49.6663 48.612
B3 49.3119 -14.3541 -32.3053
B4 49.3294 22.2422 43.4862
B5 42.2596 -49.5352 49.3684
B6 -35.0673 -11.6878 -34.1111
B7 -48.522 -48.6564 -48.5695
B8 -3.00496 -48.271 -14.8578
B9 8.84387 36.1602 -36.9667
B10 -19.084 -48.629 47.8878
B11 -39.5553 17.6372 -48.5989
B12 -48.311 3.72682 -48.9124
B13 -49.1755 8.59033 -10.913
B14 0.187028 3.0261 42.2702
B15 -5.88072 -47.6578 -47.9173
B16 49.1846 12.9711 -2.92033
B17 47.1692 3.87975 48.7022
B18 -47.204 -17.0946 -10.8788
B19 47.9172 -26.988 36.2806
B20 40.7541 -25.2906 -47.9986
B21 0.903299 38.6783 47.45
B22 48.9007 -48.6335 48.404
B23 -15.4551 -48.8673 -27.0311
B24 49.4165 47.5853 -48.5483
B25 49.0973 47.3082 -49.2807
B26 -2.9525 49.8292 18.8328
B27 -41.1524 19.9395 49.1717
B28 27.6131 -49.274 -49.105
B29 -48.108 3.56838 -27.709
B30 -42.8078 -31.4134 1.83004
B31 -24.8129 30.2328 43.7914
B32 -12.3391 47.3819 28.7567
B33 47.8121 13.0419 49.6889
B34 48.4742 -47.6728 -37.1477
B35 -5.92908 49.3825 48.4061
B36 -44.3781 18.2874 23.2507
B37 -18.3137 -40.0576 28.2853
B38 -16.2342 -26.5815 48.4946
B39 -46.4949 -43.0891 43.3296
Frame 4
B0 18.236 -11.7785 49.2411
B1 12.8248 -40.2855 12.6834
B2 -4.62836 49.4788 47.8169
B3 48.9935 -15.2993 -32.2323
B4 49.1379 21.5834 44.2137
B5 41.5256 -49.1596 48.9548
B6 -35.592 -11.9197 -33.3883
B7 -47.8659 -48.1312 -48.0275
B8 -3.39284 -47.3779 -15.0856
B9 8.5399 35.856 -36.0639
B10 -19.1539 -47.9057 47.2009
B11 -39.5727 16.9196 -47.9026
B12 -47.7956 4.24369 -48.2289
B13 -48.7144 8.22458 -10.5716
B14 -0.138769 3.15735 43.2065
B15 -5.76231 -48.2147 -47.0951
B16 48.5951 12.2258 -3.23169
B17 46.2969 3.98555 48.2249
B18 -46.2447 -16.9086 -10.7842
B19 47.213 -27.4124 36.8498
B20 41.1523 -25.9296 -47.3404
B21 0.406277 38.4119 46.6242
B22 49.402 -48.0066 47.8075
B23 -15.1463 -48.3041 -26.8808
B24 49.1178 46.6916 -48.3307
B25 48.8623 46.4578 -48.81
B26 -3.14053 49.7017 19.8067
B27 -40.5216 20.5378 48.6775
B28 26.9143 -48.7648 -48.6026
B29 -47.109 3.60761 -27.6888
B30 -42.0021 -31.9867 1.97861
B31 -24.3823 30.6075 42.9703
B32 -12.3291 46.4859 28.7507
B33 47.0562 12.408 49.5254
B34 47.9876 -46.8676 -37.4867
B35 -5.88003 49.0184 47.5927
B36 -44.9247 18.5332 23.6414
B37 -18.0532 -40.2808 29.1744
B38 -16.1839 -26.078 47.6321
B39 -46.5097 -43.5366 43.7389
Frame 5
B0 18.3131 -12.2785 48.9024
B1 11.9415 -40.0658 12.2694
B2 -4.85901 49.3081 46.9869
B3 48.647 -16.2282 -32.102
B4 48.9466 20.8666 44.8843
B5 40.8905 -48.683 48.4909
B6 -36.1763 -12.0138 -32.6654
B7 -47.1592 -47.6928 -47.4722
B8 -3.73968 -46.508 -15.4362
B9 8.2545 35.4818 -35.1815
B10 -19.3009 -47.168 46.542
B11 -39.6318 16.2145 -47.196
B12 -47.3102 4.68321 -47.4731
B13 -48.2223 7.81701 -10.3708
B14 -0.532923 3.36293 44.1022
B15 -5.58177 -48.6886 -46.2333
B16 47.9169 11.5379 -3.49033
B17 45.4193 3.98017 47.7456
B18 -45.2906 -16.6093 -10.7832
B19 46.5097 -27.7603 37.4697
B20 41.4881 -26.6086 -46.6876
B21 -0.135222 38.183 45.8152
B22 49.7864 -47.31 47.2018
B23 -14.8978 -47.7479 -26.8676
B24 48.7629 45.7614 -48.2368
B25 48.6425 45.6152 -48.3182
B26 -3.34407 49.5411 20.7725
B27 -39.9228 21.09 48.0975
B28 26.305 -48.1782 -48.069
B29 -46.1114 3.54751 -27.724
B30 -41.1498 -32.4604 2.20046
B31 -23.8696 30.9826 42.198
B32 -12.2645 45.5882 28.8843
B33 46.3025 11.7724 49.3584
B34 47.5038 -46.0536 -37.8081
B35 -5.96698 48.5944 46.8001
B36 -45.3284 18.7975 24.0739
B37 -17.9205 -40.429 30.0872
B38 -16.0651 -25.6681 46.7277
B39 -46.3891 -43.9309 44.112
Frame 6
B0 18.4865 -12.6765 48.5103
B1 11.0289 -39.9144 11.8894
B2 -4.95511 49.1893 46.1156
B3 48.2708 -17.1364 -31.9185
B4 48.7469 20.101 45.4957
B5 40.3589 -48.1081 47.981
B6 -36.8128 -11.9674 -31.9436
B7 -46.4153 -47.3301 -46.9109
B8 -4.04189 -45.6766 -15.9026
B9 7.98649 35.0487 -34.3209
B10 -19.5149 -46.4209 45.9126
B11 -39.7218 15.5223 -46.4799
B12 -46.8559 5.0462 -46.6596
B13 -47.7003 7.37014 -10.3117
B14 -0.994911 3.64427 44.9433
B15 -5.34891 -49.0777 -45.342
B16 47.1688 10.9083 -3.69977
B17 44.5444 3.86474 47.2753
B18 -44.3769 -16.2129 -10.8724
B19 45.8077 -28.0342 38.1271
B20 41.7612 -27.3194 -46.0394
B21 -0.714504 37.9867 45.0241
B22 -50 -46.5573 46.5978
B23 -14.7114 -47.2022 -26.9905
B24 48.3704 44.8421 -48.2059
B25 48.4058 44.7529 -47.8707
B26 -3.56153 49.3503 21.7297
B27 -39.3591 21.598 47.4462
B28 25.7908 -47.5295 -47.508
B29 -45.1275 3.38653 -27.8012
B30 -40.2674 -32.8319 2.48916
B31 -23.2867 31.3539 41.4753
B32 -12.1442 44.6951 29.1571
B33 45.5517 11.134 49.1884
B34 47.0188 -45.233 -38.1105
B35 -6.17362 48.081 46.0199
B36 -45.5846 19.0759 24.5293
B37 -17.9347 -40.5536 31.0194
B38 -16.0187 -25.3809 45.7764
B39 -46.1494 -44.2527 44.4297
Frame 7
B0 18.7479 -12.964 48.0681
B1 10.0958 -39.8191 11.5428
B2 -4.94134 49.1296 45.161
B3 47.8618 -18.0187 -31.6854
B4 48.5315 19.2947 46.0467
B5 39.9055 -47.4129 47.4272
B6 -37.532 -11.8233 -31.2639
B7 -45.6917 -46.9282 -46.3497
B8 -4.29689 -44.8992 -16.4775
B9 7.73439 34.5663 -33.482
B10 -19.8433 -45.6873 45.3177
B11 -39.834 14.8425 -45.7551
B12 -46.432 5.33544 -45.8013
B13 -47.149 6.88664 -10.3951
B14 -1.52361 4.00304 45.7126
B15 -5.07268 -49.3819 -44.4303
B16 46.3662 10.3349 -3.86453
B17 43.6783 3.64696 46.8253
B18 -43.5173 -15.7323 -11.0463
B19 45.0785 -28.1867 38.7942
B20 41.9706 -28.0545 -45.3945
B21 -1.32601 37.8179 44.2511
B22 -49.6203 -45.887 46.0376
B23 -14.5881 -46.6701 -27.2489
B24 48.0093 43.9249 -48.038
B25 48.1375 43.8652 -47.4966
B26 -3.79158 49.1313 22.6779
B27 -38.8305 22.065 46.7373
B28 25.3745 -46.8339 -46.9224
B29 -44.1685 3.12329 -27.9062
B30 -39.3417 -33.0821 2.70077
B31 -22.6439 31.7181 40.8014
B32 -12.0417 43.7892 29.5681
B33 44.8051 10.4917 49.0156
B34 46.529 -44.408 -38.3924
B35 -6.46421 47.4947 45.2637
B36 -45.6912 19.3639 24.99
B37 -18.096 -40.6492 31.9521
B38 -16.0474 -25.2207 44.7981
B39 -45.786 -44.5082 44.6945
Frame 8
B0 19.0872 -13.132 47.5795
B1 9.14799 -39.7686 11.2279
B2 -4.87648 49.0867 44.164
B3 47.4083 -18.8933 -31.5141
B4 48.294 18.4557 46.5362
B5 39.5559 -46.6542 46.8776
B6 -38.2896 -11.5888 -30.6548
B7 -44.9884 -46.492 -45.7884
B8 -4.50301 -44.1917 -17.1535
B9 7.49662 34.0427 -32.6639
B10 -20.2721 -44.9749 44.7621
B11 -39.9613 14.1742 -45.0222
B12 -46.0371 5.55497 -44.9092
B13 -46.5693 6.36945 -10.6218
B14 -2.11539 4.43924 46.3905
B15 -4.76085 -49.602 -43.506
B16 45.5218 9.81407 -3.98949
B17 42.8287 3.33234 46.402
B18 -42.7212 -15.182 -11.298
B19 44.3304 -28.2241 39.4568
B20 42.1154 -28.8066 -44.7516
B21 -1.96536 37.672 43.4961
B22 -49.1418 -45.2895 45.5637
B23 -14.5286 -46.1546 -27.642
B24 47.6942 43.025 -47.7362
B25 47.8378 42.9597 -47.1961
B26 -4.03326 48.8853 23.6166
B27 -38.2953 22.5279 46.0307
B28 25.0804 -46.0914 -46.3207
B29 -43.246 2.75592 -28.0247
B30 -38.3826 -33.2064 2.83808
B31 -21.95 32.0725 40.1746
B32 -11.9635 42.9337 30.0799
B33 44.0944 9.81566 48.8205
B34 46.0316 -43.5802 -38.652
B35 -6.79205 46.8826 44.544
B36 -45.6482 19.6574 25.44
B37 -18.4021 -40.7107 32.8652
B38 -16.1531 -25.1891 43.8139
B39 -45.2906 -44.7081 44.9146
Frame 9
B0 19.5698 -13.3107 47.0476
B1 8.18989 -39.7528 10.9419
B2 -4.82327 49.006 43.1687
B3 46.9127 -19.7539 -31.3965
B4 48.03 17.5911 46.9638
B5 39.2143 -45.8432 46.4026
B6 -39.038 -11.3427 -30.0389
B7 -44.3053 -46.0251 -45.2269
B8 -4.65978 -43.5719 -17.9225
B9 7.27159 33.4847 -31.8652
B10 -20.787 -44.289 44.2479
B11 -40.098 13.516 -44.2819
B12 -45.6736 5.68429 -43.9866
B13 -45.9617 5.82154 -10.9927
B14 -2.76262 4.94874 46.9575
B15 -4.54606 -49.7435 -42.5397
B16 44.6453 9.34102 -4.07951
B17 42.003 2.9269 46.0097
B18 -42.0011 -14.5823 -11.6471
B19 43.5876 -28.1209 40.1183
B20 42.1942 -29.5691 -44.1094
B21 -2.66089 37.5155 42.7949
B22 -48.5956 -44.7315 45.1475
B23 -14.5337 -45.6586 -28.169
B24 47.4324 42.157 -47.3143
B25 47.5152 42.0461 -46.9485
B26 -4.28592 48.613 24.545
B27 -37.6763 22.9745 45.3847
B28 24.9053 -45.3194 -45.7096
B29 -42.3732 2.28182 -28.1403
B30 -37.4009 -33.2006 2.90423
B31 -21.2121 32.4148 39.5929
B32 -11.9094 42.134 30.6779
B33 43.4185 9.10931 48.6104
B34 45.5239 -42.7514 -38.8873
B35 -7.16942 46.2447 43.8727
B36 -45.4574 19.9519 25.8648
B37 -18.8474 -40.7337 33.7381
B38 -16.3359 -25.2851 42.8463
B39 -44.6555 -44.8653 45.1006
Frame 10
B0 20.1956 -13.4974 46.4718
B1 7.22439 -39.7631 10.6817
B2 -4.81118 48.8588 42.1797
B3 46.3767 -20.595 -31.3242
B4 47.7367 16.7078 47.3294
B5 38.8814 -44.993 45.9948
B6 -39.7679 -11.0848 -29.4059
B7 -43.6421 -45.5302 -44.6654
B8 -4.77084 -43.0602 -18.7745
B9 7.05781 32.8979 -31.0842
B10 -21.3749 -43.6325 43.7753
B11 -40.2394 12.8663 -43.535
B12 -45.3387 5.73188 -43.0455
B13 -45.3269 5.24609 -11.5083
B14 -3.46779 5.48924 47.4164
B15 -4.42472 -49.8004 -41.5487
B16 43.7446 8.91082 -4.13915
B17 41.2078 2.43744 45.6518
B18 -41.3626 -13.9473 -12.0819
B19 42.8605 -27.8862 40.7635
B20 42.2054 -30.335 -43.4666
B21 -3.40261 37.3492 42.1451
B22 -47.9732 -44.1726 44.7527
B23 -14.6047 -45.1853 -28.829
B24 47.2221 41.3251 -46.8008
B25 47.1866 41.1328 -46.7078
B26 -4.54928 48.3145 25.4624
B27 -36.9899 23.4024 44.7967
B28 24.842 -44.5335 -45.0945
B29 -41.5661 1.699 -28.2348
B30 -36.4106 -33.0615 2.90276
B31 -20.436 32.7428 39.0543
B32 -11.8789 41.3931 31.3488
B33 42.7759 8.37517 48.391
B34 45.0035 -41.9235 -39.0961
B35 -7.58172 45.5932 43.2359
B36 -45.1542 20.2868 26.3805
B37 -19.4232 -40.7143 34.5502
B38 -16.5941 -25.5045 41.9183
B39 -43.8765 -44.9892 45.2608
Frame 11
B0 20.9594 -13.6868 45.8548
B1 6.25354 -39.7923 10.4438
B2 -4.85172 48.6348 41.2059
B3 45.8549 -21.4475 -31.3544
B4 47.4128 15.812 47.6339
B5 38.5574 -44.1138 45.6454
B6 -40.4669 -10.8144 -28.7438
B7 -42.9378 -45.0607 -44.1329
B8 -4.87465 -42.5714 -19.6407
B9 6.85385 32.2871 -30.3191
B10 -22.0236 -43.0064 43.3427
B11 -40.3816 12.2234 -42.7823
B12 -45.029 5.70672 -42.0951
B13 -44.7524 4.69894 -12.1171
B14 -4.21766 6.05472 47.7598
B15 -4.3914 -49.7682 -40.5498
B16 42.8253 8.51851 -4.1726
B17 40.4489 1.87104 45.3305
B18 -40.8063 -13.2898 -12.5901
B19 42.1572 -27.5324 41.38
B20 42.1467 -31.0976 -42.8224
B21 -4.18222 37.1736 41.5439
B22 -47.2516 -43.6001 44.3634
B23 -14.743 -44.7381 -29.6203
B24 47.0177 40.4851 -46.2982
B25 46.8715 40.226 -46.4278
B26 -4.82331 47.9898 26.3676
B27 -36.2503 23.8114 44.2621
B28 24.7877 -43.7795 -44.4399
B29 -40.8433 1.00986 -28.2871
B30 -35.4346 -32.8715 2.79669
B31 -19.6255 33.0537 38.5579
B32 -11.9086 40.649 32.0163
B33 42.1656 7.61539 48.1669
B34 44.4679 -41.0984 -39.2761
B35 -7.99865 44.9031 42.6443
B36 -44.7187 20.6793 26.9369
B37 -20.1102 -40.6507 35.2741
B38 -16.9234 -25.84 41.0535
B39 -42.9531 -45.0803 45.3972
Frame 12
B0 21.7882 -13.7818 45.3034
B1 5.27872 -39.8343 10.2248
B2 -4.94844 48.3307 40.2583
B3 45.348 -22.3014 -31.4727
B4 47.0331 14.9185 47.8736
B5 38.2427 -43.213 45.3462
B6 -41.1167 -10.5314 -28.0384
B7 -42.2034 -44.6118 -43.6238
B8 -4.96913 -42.0834 -20.5084
B9 6.65845 31.6563 -29.5682
B10 -22.7228 -42.4106 42.9475
B11 -40.5132 11.5837 -42.0251
B12 -44.7521 5.6071 -41.1393
B13 -44.2376 4.18246 -12.8014
B14 -4.94873 6.69449 47.9969
B15 -4.43949 -49.6444 -39.5586
B16 41.8921 8.15937 -4.18356
B17 39.7308 1.23501 45.048
B18 -40.3325 -12.6189 -13.1605
B19 41.4828 -27.0737 41.9587
B20 42.0154 -31.8497 -42.1765
B21 -4.99279 36.9887 40.9883
B22 -46.4852 -43.0654 44.0075
B23 -14.9444 -44.3337 -30.5124
B24 46.7683 39.6057 -45.8927
B25 46.578 39.3296 -46.0958
B26 -5.10825 47.6381 27.2594
B27 -35.4719 24.2173 43.7832
B28 24.7379 -43.0565 -43.7508
B29 -40.2219 0.228615 -28.2782
B30 -34.4847 -32.6321 2.59543
B31 -18.7833 33.3442 38.1037
B32 -11.9935 39.9035 32.6773
B33 41.5864 6.83192 47.9417
B34 43.9143 -40.279 -39.4247
B35 -8.41424 44.1819 42.09
B36 -44.1489 21.1275 27.5304
B37 -20.8897 -40.5421 35.891
B38 -17.3666 -26.2453 40.2539
B39 -41.9592 -45.1274 45.4976
Frame 13
B0 22.6647 -13.7845 44.822
B1 4.28549 -39.8401 10.1088
B2 -5.12798 47.9429 39.3542
B3 44.8543 -23.1497 -31.6639
B4 46.6086 14.0311 48.053
B5 37.9378 -42.2958 45.0899
B6 -41.689 -10.2371 -27.273
B7 -41.448 -44.1784 -43.1324
B8 -5.06346 -41.5155 -21.2491
B9 6.47044 31.0087 -28.8298
B10 -23.472 -41.8438 42.6048
B11 -40.6141 10.9685 -41.2431
B12 -44.5064 5.43952 -40.1846
B13 -43.7791 3.69614 -13.5452
B14 -5.65176 7.39352 48.1277
B15 -4.56139 -49.4274 -38.5901
B16 40.9483 7.82906 -4.17532
B17 39.0573 0.536536 44.806
B18 -39.9353 -11.9432 -13.7815
B19 40.8403 -26.5249 42.4934
B20 41.8081 -32.5833 -41.5294
B21 -5.82863 36.7936 40.4751
B22 -45.6812 -42.5687 43.6807
B23 -15.1903 -44.0014 -31.423
B24 46.4719 38.6995 -45.5912
B25 46.3039 38.4428 -45.7236
B26 -5.40454 47.2585 28.1358
B27 -34.6641 24.6186 43.3515
B28 24.6878 -42.3634 -43.0317
B29 -39.7283 -0.588479 -28.1993
B30 -33.5707 -32.3449 2.30898
B31 -17.9101 33.6085 37.6941
B32 -12.1293 39.1575 33.3293
B33 41.0372 6.02662 47.7184
B34 43.3399 -39.4684 -39.5388
B35 -8.83567 43.4369 41.5729
B36 -43.4885 21.5966 28.1169
B37 -21.742 -40.3834 36.3894
B38 -17.8376 -26.7249 39.5136
B39 -40.9608 -45.1237 45.554
Frame 14
B0 23.573 -13.6984 44.4127
B1 3.28782 -39.807 10.0492
B2 -5.38306 47.4785 38.506
B3 44.3708 -23.9885 -31.9141
B4 46.1487 13.1518 48.1773
B5 37.643 -41.3658 44.8704
B6 -42.1487 -9.93719 -26.437
B7 -40.6788 -43.7556 -42.6533
B8 -5.15819 -40.9595 -21.8402
B9 6.28882 30.347 -28.1023
B10 -24.2623 -41.3064 42.3103
B11 -40.6854 10.3751 -40.4414
B12 -44.2899 5.21057 -39.2355
B13 -43.3716 3.23741 -14.3348
B14 -6.31959 8.13735 48.1546
B15 -4.74874 -49.1182 -37.6577
B16 39.9964 7.52368 -4.15071
B17 38.4316 -0.217513 44.6063
B18 -39.6073 -11.269 -14.4433
B19 40.2304 -25.9001 42.9809
B20 41.5065 -33.2791 -40.8775
B21 -6.6767 36.5728 39.9935
B22 -44.8459 -42.1085 43.3798
B23 -15.4815 -43.7362 -32.3422
B24 46.138 37.7823 -45.3738
B25 46.0369 37.5584 -45.3407
B26 -5.71279 46.8495 28.9947
B27 -33.84 25.0227 42.9545
B28 24.6322 -41.6992 -42.2862
B29 -39.3678 -1.39202 -28.0526
B30 -32.6621 -32.06 2.00374
B31 -17.0048 33.836 37.3356
B32 -12.3124 38.4118 33.9699
B33 40.5168 5.20124 47.4993
B34 42.7194 -38.686 -39.5912
B35 -9.26178 42.6728 41.0886
B36 -42.7865 22.0549 28.6619
B37 -22.6481 -40.1772 36.7588
B38 -18.336 -27.2656 38.8359
B39 -39.9625 -45.0671 45.5653
Frame 15
B0 24.4989 -13.5276 44.0757
B1 2.29015 -39.7404 10.0345
B2 -5.70537 46.9459 37.7235
B3 43.8932 -24.8157 -32.2104
B4 45.694 12.264 48.2483
B5 37.3594 -40.4254 44.6824
B6 -42.4724 -9.64139 -25.5383
B7 -39.9013 -43.3392 -42.1821
B8 -5.25518 -40.432 -22.2842
B9 6.11268 29.6735 -27.3844
B10 -25.0856 -40.7981 42.058
B11 -40.7287 9.80043 -39.6242
B12 -44.1001 4.92685 -38.2956
B13 -43.0091 2.80248 -15.1591
B14 -6.94706 8.9126 48.082
B15 -4.99268 -48.7192 -36.7738
B16 39.0383 7.23974 -4.11219
B17 37.8567 -1.0208 44.4508
B18 -39.3407 -10.601 -15.138
B19 39.6797 -25.1931 43.4246
B20 41.1078 -33.9223 -40.2239
B21 -7.53421 36.3246 39.5428
B22 -43.9852 -41.6822 43.1016
B23 -15.8287 -43.5323 -33.2575
B24 45.7943 36.8662 -45.167
B25 45.762 36.6681 -44.9777
B26 -6.06392 46.4026 29.8174
B27 -33.0034 25.4279 42.5858
B28 24.5656 -41.0629 -41.5177
B29 -39.1349 -2.14632 -27.8444
B30 -31.7361 -31.7641 1.76913
B31 -16.0615 33.999 37.0463
B32 -12.5428 37.6604 34.5883
B33 40.0245 4.35739 47.286
B34 42.0493 -37.9438 -39.5787
B35 -9.69207 41.8928 40.6343
B36 -42.0464 22.5004 29.1658
B37 -23.588 -39.927 36.9912
B38 -18.8458 -27.8075 38.1678
B39 -38.9692 -44.9569 45.5307
Frame 16
B0 25.4295 -13.2762 43.8098
B1 1.29491 -39.645 10.0547
B2 -6.07152 46.3248 37.0305
B3 43.4167 -25.6302 -32.5412
B4 45.2441 11.3713 48.2747
B5 37.1114 -39.4691 44.5277
B6 -42.6483 -9.36962 -24.6311
B7 -39.1198 -42.9257 -41.7148
B8 -5.49671 -39.9364 -22.7525
B9 5.94124 28.9902 -26.6747
B10 -25.9349 -40.3172 41.84
B11 -40.7458 9.24114 -38.7954
B12 -43.9341 4.5949 -37.367
B13 -42.6855 2.38696 -16.0091
B14 -7.51548 9.72058 47.9268
B15 -5.28485 -48.2347 -35.9492
B16 38.0755 6.97416 -4.06188
B17 37.3407 -1.86689 44.3169
B18 -39.1274 -9.94192 -15.8592
B19 39.1864 -24.4198 43.8229
B20 40.6118 -34.4958 -39.5718
B21 -8.39543 36.0276 39.1304
B22 -43.1043 -41.2863 42.8421
B23 -16.2807 -43.3721 -34.135
B24 45.4744 35.9594 -44.8925
B25 45.4729 35.7699 -44.6465
B26 -6.46694 45.8928 30.5775
B27 -32.1569 25.8326 42.2399
B28 24.4814 -40.4537 -40.7292
B29 -39.0205 -2.82636 -27.5821
B30 -30.8005 -31.455 1.59823
B31 -15.0827 34.0521 36.8484
B32 -12.8268 36.9021 35.175
B33 39.5595 3.49658 47.0791
B34 41.3252 -37.2587 -39.4994
B35 -10.1588 41.1196 40.205
B36 -41.2784 22.9388 29.6326
B37 -24.5409 -39.6377 37.082
B38 -19.3547 -28.3823 37.5269
B39 -37.986 -44.7935 45.4497
Frame 17
B0 26.3774 -13.029 43.6087
B1 0.303205 -39.5251 10.1009
B2 -6.47636 45.6276 36.4389
B3 42.9358 -26.4318 -32.8965
B4 44.7984 10.4762 48.2641
B5 36.893 -38.5015 44.4006
B6 -42.6817 -9.13342 -23.7545
B7 -38.3276 -42.5369 -41.2444
B8 -5.88348 -39.4773 -23.2294
B9 5.77381 28.2986 -25.9721
B10 -26.8037 -39.8618 41.6457
B11 -40.7393 8.6937 -37.9586
B12 -43.7884 4.22095 -36.4511
B13 -42.3662 1.91033 -16.8282
B14 -8.01955 10.5623 47.7333
B15 -5.61773 -47.6708 -35.1935
B16 37.1091 6.72427 -4.00158
B17 36.8818 -2.74824 44.2046
B18 -38.9599 -9.294 -16.6023
B19 38.7465 -23.5942 44.1765
B20 40.0241 -34.9804 -38.9239
B21 -9.25286 35.6765 38.7542
B22 -42.2079 -40.9168 42.5972
B23 -16.7807 -43.1909 -34.872
B24 45.1881 35.068 -44.5412
B25 45.1721 34.8669 -44.3397
B26 -6.89753 45.3033 31.261
B27 -31.3022 26.2355 41.9125
B28 24.3713 -39.8707 -39.9242
B29 -39.0147 -3.4142 -27.2726
B30 -29.8965 -31.0601 1.43489
B31 -14.182 34.0029 36.7278
B32 -13.1803 36.141 35.7189
B33 39.1213 2.62023 46.879
B34 40.5409 -36.6542 -39.3598
B35 -10.659 40.3473 39.8135
B36 -40.4786 23.3412 30.078
B37 -25.486 -39.3148 37.03
B38 -19.8627 -28.9818 36.9084
B39 -37.0178 -44.5783 45.3222
Frame 18
B0 27.3372 -12.7876 43.4656
B1 -0.684681 -39.3839 10.1653
B2 -6.91284 44.8666 35.9588
B3 42.4446 -27.2202 -33.2669
B4 44.3566 9.58002 48.2229
B5 36.6991 -37.5261 44.2965
B6 -42.5834 -8.94757 -22.9291
B7 -37.5291 -42.1653 -40.7708
B8 -6.41451 -39.0581 -23.6967
B9 5.6098 27.6 -25.2756
B10 -27.6863 -39.4294 41.4612
B11 -40.7117 8.15438 -37.1169
B12 -43.6594 3.81079 -35.5482
B13 -42.0483 1.37831 -17.613
B14 -8.48347 11.4158 47.4959
B15 -5.98434 -47.0351 -34.5142
B16 36.1399 6.48774 -3.93284
B17 36.478 -3.65863 44.1143
B18 -38.829 -8.64399 -17.3509
B19 38.3552 -22.728 44.487
B20 39.3622 -35.3588 -38.2768
B21 -10.1002 35.2624 38.4216
B22 -41.3001 -40.5694 42.3622
B23 -17.2669 -42.9779 -35.463
B24 44.9287 34.1901 -44.1387
B25 44.8682 33.9635 -44.0375
B26 -7.35417 44.6428 31.857
B27 -30.4405 26.6349 41.5997
B28 24.2263 -39.3133 -39.1067
B29 -39.103 -3.89635 -26.9135
B30 -29.0315 -30.5845 1.27493
B31 -13.3948 33.8699 36.6579
B32 -13.6285 35.3963 36.2133
B33 38.7096 1.72961 46.686
B34 39.6926 -36.148 -39.2041
B35 -11.1863 39.5748 39.4596
B36 -39.6539 23.7248 30.4935
B37 -26.4027 -38.9646 36.8378
B38 -20.3703 -29.5993 36.3075
B39 -36.0695 -44.313 45.1476
Frame 19
B0 28.3051 -12.5531 43.3749
B1 -1.66893 -39.2242 10.2412
B2 -7.38627 44.0631 35.598
B3 41.937 -27.9949 -33.6439
B4 43.9185 8.68353 48.1564
B5 36.5365 -36.5426 44.2169
B6 -42.3665 -8.80758 -22.1832
B7 -36.7279 -41.8044 -40.2935
B8 -7.0861 -38.6812 -24.1331
B9 5.4487 26.8956 -24.5843
B10 -28.5767 -39.0175 41.2676
B11 -40.6659 7.61949 -36.2733
B12 -43.5431 3.36963 -34.6584
B13 -41.7285 0.795716 -18.3602
B14 -8.91327 12.276 47.2215
B15 -6.37817 -46.3363 -33.917
B16 35.1686 6.26256 -3.85697
B17 36.128 -4.59291 44.0463
B18 -38.7198 -7.99655 -18.1051
B19 38.0073 -21.8302 44.7572
B20 38.6621 -35.6347 -37.6183
B21 -10.9301 34.7767 38.1473
B22 -40.3844 -40.2399 42.1323
B23 -17.7211 -42.7311 -35.9114
B24 44.6722 33.3109 -43.7371
B25 44.5695 33.063 -43.7214
B26 -7.85601 43.9276 32.3434
B27 -29.5724 27.0296 41.2986
B28 24.0359 -38.7814 -38.2815
B29 -39.2739 -4.26044 -26.5126
B30 -28.2334 -30.019 1.06681
B31 -12.7136 33.6357 36.62
B32 -14.166 34.6835 36.6639
B33 38.3348 0.819699 46.5082
B34 38.8148 -35.6847 -39.0827
B35 -11.742 38.8049 39.1458
B36 -38.8106 24.0993 30.8792
B37 -27.2718 -38.5934 36.5111
B38 -20.8781 -30.2284 35.7191
B39 -35.1462 -43.9998 44.9253
Frame 20
B0 29.2783 -12.3271 43.3317
B1 -2.64994 -39.0481 10.3224
B2 -7.88367 43.2278 35.3636
B3 41.4069 -28.7549 -34.0198
B4 43.4843 7.78698 48.0693
B5 36.3999 -35.5537 44.1578
B6 -42.0468 -8.7172 -21.5347
B7 -35.9266 -41.449 -39.8122
B8 -7.89041 -38.347 -24.5142
B9 5.29007 26.1863 -23.8975
B10 -29.467 -38.6234 41.0391
B11 -40.6048 7.08545 -35.43
B12 -43.4355 2.90213 -33.781
B13 -41.4037 0.166785 -19.0666
B14 -9.3157 13.1391 46.9165
B15 -6.79333 -45.5843 -33.4051
B16 34.1955 6.04698 -3.7751
B17 35.8315 -5.54689 44.0017
B18 -38.5843 -7.45989 -18.938
B19 37.6979 -20.9082 44.9897
B20 37.9413 -35.8414 -36.9566
B21 -11.7427 34.2212 37.9706
B22 -39.464 -39.9241 41.9018
B23 -18.1356 -42.4492 -36.2195
B24 44.3971 32.4192 -43.3776
B25 44.2794 32.1666 -43.3862
B26 -8.39986 43.1729 32.7103
B27 -28.6983 27.4178 41.0065
B28 23.7894 -38.2754 -37.455
B29 -39.4162 -4.75928 -26.0523
B30 -27.5119 -29.3751 0.812207
B31 -12.1348 33.2952 36.5554
B32 -14.7579 33.9888 37.0726
B33 37.995 -0.106422 46.3445
B34 37.9293 -35.2378 -38.9555
B35 -12.3259 38.0406 38.872
B36 -37.9522 24.4642 31.2395
B37 -28.076 -38.2075 36.059
B38 -21.3871 -30.8635 35.138
B39 -34.2529 -43.6414 44.6542
Frame 21
B0 30.2547 -12.1111 43.3325
B1 -3.62821 -38.8573 10.4035
B2 -8.38992 42.3719 35.2584
B3 40.8482 -29.4985 -34.387
B4 43.054 6.89028 47.9652
B5 36.2844 -34.5613 44.1156
B6 -41.6439 -8.68636 -20.9958
B7 -35.1784 -41.0181 -39.3077
B8 -8.80094 -38.057 -24.8088
B9 5.13353 25.473 -23.2144
B10 -30.3408 -38.2432 40.736
B11 -40.5305 6.54853 -34.5896
B12 -43.3322 2.41172 -32.9156
B13 -41.0709 -0.504998 -19.7284
B14 -9.69704 14.0026 46.5864
B15 -7.22469 -44.7891 -32.9789
B16 33.2012 5.94114 -3.78825
B17 35.5889 -6.51683 43.9817
B18 -38.4109 -7.04311 -19.8303
B19 37.4227 -19.9673 45.1873
B20 37.1835 -35.9945 -36.3224
B21 -12.5709 33.6628 37.9228
B22 -38.5419 -39.6183 41.6647
B23 -18.507 -42.1306 -36.3887
B24 44.0999 31.5167 -43.066
B25 43.9956 31.273 -43.0385
B26 -8.9829 42.3974 32.9527
B27 -27.8186 27.7982 40.7214
B28 23.4766 -37.796 -36.635
B29 -39.5161 -5.40031 -25.5702
B30 -26.8752 -28.6646 0.512517
B31 -11.6247 32.8587 36.3982
B32 -15.3795 33.2953 37.4368
B33 37.6883 -1.04624 46.1938
B34 37.0347 -34.8196 -38.7981
B35 -12.9345 37.2837 38.634
B36 -37.0809 24.819 31.5786
B37 -28.8001 -37.8131 35.4932
B38 -21.898 -31.4986 34.5587
B39 -33.4058 -43.2276 44.3208
Frame 22
B0 31.2378 -11.9335 43.3768
B1 -4.60418 -38.6531 10.4798
B2 -8.88955 41.5059 35.2782
B3 40.2369 -30.2145 -34.7243
B4 42.6284 5.9931 47.8474
B5 36.1863 -33.5666 44.087
B6 -41.1771 -8.73048 -20.5701
B7 -34.4828 -40.5234 -38.7867
B8 -9.755 -37.8138 -24.984
B9 5.12222 24.7524 -22.5211
B10 -31.1119 -37.8569 40.3237
B11 -40.4447 6.00481 -33.7548
B12 -43.2288 1.90062 -32.0623
B13 -40.7283 -1.21419 -20.3445
B14 -10.0628 14.8645 46.2351
B15 -7.6679 -43.961 -32.6357
B16 32.2065 5.94177 -3.89114
B17 35.417 -7.50187 43.9921
B18 -38.1855 -6.75093 -20.7597
B19 37.1785 -19.0117 45.3524
B20 36.3774 -36.0933 -35.7389
B21 -13.4114 33.1212 37.9282
B22 -37.6264 -39.3122 41.4034
B23 -18.8343 -41.7734 -36.4198
B24 43.7895 30.61 -42.7806
B25 43.7124 30.3791 -42.691
B26 -9.60111 41.6211 33.0755
B27 -26.9331 28.1688 40.4412
B28 23.0892 -37.3447 -35.8312
B29 -39.5614 -6.18102 -25.0927
B30 -26.33 -27.9 0.168731
B31 -11.2235 32.3296 36.1954
B32 -16.0137 32.5875 37.748
B33 37.4139 -1.99784 46.0553
B34 36.1309 -34.4434 -38.5942
B35 -13.5603 36.5319 38.4259
B36 -36.1992 25.1635 31.9009
B37 -29.4313 -37.4153 34.8273
B38 -22.4115 -32.1278 33.9751
B39 -32.6107 -42.7678 43.9252
Frame 23
B0 32.2247 -11.7982 43.4645
B1 -5.57565 -38.4498 10.6018
B2 -9.37062 40.6392 35.41
B3 39.571 -30.8974 -35.0248
B4 42.2081 5.09488 47.7186
B5 36.1149 -32.5692 44.0744
B6 -40.6558 -8.86751 -20.2488
B7 -33.8376 -39.9756 -38.2542
B8 -10.7315 -37.6021 -25.0249
B9 5.24836 24.0388 -21.832
B10 -31.7696 -37.4627 39.8135
B11 -40.3484 5.45028 -32.9282
B12 -43.1207 1.36978 -31.2218
B13 -40.3669 -1.95986 -20.9043
B14 -10.4178 15.7233 45.8657
B15 -8.1196 -43.1094 -32.3699
B16 31.2276 6.03717 -4.07181
B17 35.3223 -8.49637 44.037
B18 -37.9083 -6.58949 -21.7069
B19 36.9628 -18.0446 45.4871
B20 35.5236 -36.1377 -35.2202
B21 -14.2512 32.5782 37.9324
B22 -36.7216 -39.0049 41.1086
B23 -19.1596 -41.377 -36.3061
B24 43.4808 29.7052 -42.4873
B25 43.4252 29.4828 -42.353
B26 -10.2473 40.8583 33.0999
B27 -26.0419 28.5279 40.1639
B28 22.6217 -36.9233 -35.054
B29 -39.5505 -7.0803 -24.6555
B30 -25.857 -27.1384 -0.274228
B31 -10.9613 31.7445 35.9963
B32 -16.6416 31.8457 37.9834
B33 37.1714 -2.95964 45.9284
B34 35.2192 -34.1201 -38.3405
B35 -14.1928 35.7803 38.2388
B36 -35.3086 25.4974 32.2098
B37 -29.9597 -37.0191 34.0764
B38 -22.9274 -32.7443 33.3804
B39 -31.8719 -42.272 43.4689
Frame 24
B0 33.2121 -11.7114 43.5964
B1 -6.54233 -38.246 10.7567
B2 -9.82905 39.7786 35.6318
B3 38.8503 -31.5413 -35.2816
B4 41.8101 4.18714 47.5862
B5 36.065 -31.5704 44.0751
B6 -40.0761 -9.1056 -20.0216
B7 -33.239 -39.3839 -37.7142
B8 -11.7064 -37.4043 -24.9234
B9 5.49473 23.3427 -21.1577
B10 -32.3095 -37.0577 39.2111
B11 -40.2416 4.88091 -32.1131
B12 -43.0031 0.818995 -30.3955
B13 -39.9831 -2.73903 -21.3999
B14 -10.7662 16.5778 45.4804
B15 -8.58706 -42.2826 -32.057
B16 30.2739 6.21208 -4.31618
B17 35.3153 -9.49266 44.1227
B18 -37.5765 -6.56272 -22.6498
B19 36.7991 -17.0643 45.5977
B20 34.6288 -36.1299 -34.7737
B21 -15.086 32.028 37.9113
B22 -35.8319 -38.6975 40.7711
B23 -19.4799 -40.9394 -36.0482
B24 43.1841 28.8062 -42.1651
B25 43.1329 28.5841 -42.026
B26 -10.9116 40.1117 33.0628
B27 -25.1449 28.873 39.8877
B28 22.0731 -36.5344 -34.314
B29 -39.4987 -8.0136 -24.3001
B30 -25.4265 -26.4256 -0.82795
B31 -10.8443 31.1286 35.8192
B32 -17.2389 31.0525 38.1023
B33 36.9609 -3.93038 45.8128
B34 34.3024 -33.8562 -38.0409
B35 -14.8216 35.0224 38.0651
B36 -34.4104 25.8204 32.5079
B37 -30.3787 -36.6291 33.2565
B38 -23.4452 -33.3407 32.7671
B39 -31.1916 -41.7502 42.9542
Frame 25
B0 34.1946 -11.6653 43.7771
B1 -7.50492 -38.0405 10.9334
B2 -10.2696 38.927 35.916
B3 38.0776 -32.1412 -35.4893
B4 41.4315 3.27147 47.4511
B5 36.033 -30.571 44.0867
B6 -39.43 -9.44241 -19.8859
B7 -32.6894 -38.7719 -37.1456
B8 -12.6556 -37.1381 -24.7554
B9 5.84045 22.6694 -20.5041
B10 -32.7301 -36.6374 38.5191
B11 -40.1238 4.29281 -31.3129
B12 -42.8713 0.24716 -29.5858
B13 -39.604 -3.54932 -21.8468
B14 -11.1117 17.4268 45.0806
B15 -9.06566 -41.4792 -31.7025
B16 29.3493 6.45252 -4.61183
B17 35.4123 -10.4781 44.2624
B18 -37.1431 -6.62778 -23.5487
B19 36.6806 -16.0753 45.6863
B20 33.7025 -36.0742 -34.401
B21 -15.9145 31.4713 37.8512
B22 -34.9608 -38.3942 40.3849
B23 -19.7928 -40.4584 -35.647
B24 42.9001 27.9132 -41.8159
B25 42.8377 27.6844 -41.7045
B26 -11.5837 39.3736 33.0045
B27 -24.2418 29.2009 39.6103
B28 21.4459 -36.1797 -33.6205
B29 -39.4437 -8.98137 -24.0544
B30 -25.0469 -25.7792 -1.4898
B31 -10.873 30.4956 35.6737
B32 -17.7792 30.2317 38.0852
B33 36.7835 -4.909 45.7087
B34 33.3833 -33.6532 -37.703
B35 -15.4373 34.2523 37.8986
B36 -33.5052 26.1317 32.7973
B37 -30.6864 -36.2592 32.3798
B38 -23.9631 -33.8979 32.118
B39 -30.5712 -41.2118 42.3838
Frame 26
B0 35.1677 -11.7005 44.0049
B1 -8.45928 -37.8467 11.1606
B2 -10.7021 38.0839 36.2355
B3 37.2581 -32.6929 -35.6441
B4 41.0706 2.3489 47.3146
B5 36.0165 -29.5714 44.1077
B6 -38.7265 -9.91774 -19.7497
B7 -32.1991 -38.1268 -36.5595
B8 -13.5733 -36.7854 -24.5728
B9 6.26697 22.0209 -19.8736
B10 -33.0355 -36.1952 37.7335
B11 -39.9937 3.68247 -30.5315
B12 -42.7208 -0.347492 -28.796
B13 -39.2289 -4.39058 -22.2362
B14 -11.4575 18.269 44.6672
B15 -9.55171 -40.6975 -31.3118
B16 28.4546 6.74633 -4.94829
B17 35.6267 -11.4306 44.4789
B18 -36.6327 -6.77025 -24.3967
B19 36.6176 -15.08 45.7595
B20 32.7542 -35.9762 -34.0992
B21 -16.7319 30.9068 37.7366
B22 -34.128 -38.1219 39.903
B23 -20.1559 -39.863 -35.1626
B24 42.622 27.0223 -41.4567
B25 42.543 26.7852 -41.3811
B26 -12.2556 38.6346 32.9553
B27 -23.33 29.4879 39.3168
B28 20.7458 -35.8604 -32.9819
B29 -39.3617 -9.96473 -23.8922
B30 -24.7242 -25.2076 -2.24421
B31 -11.0473 29.8559 35.5633
B32 -18.2321 29.4397 37.9496
B33 36.6534 -5.89634 45.618
B34 32.4647 -33.508 -37.3356
B35 -16.0312 33.4645 37.735
B36 -32.5936 26.4306 33.0793
B37 -30.8841 -35.9132 31.4627
B38 -24.4737 -34.41 31.4273
B39 -29.9627 -40.716 41.7642
Frame 27
B0 36.1387 -11.8719 44.1713
B1 -9.40135 -37.667 11.4438
B2 -11.137 37.2468 36.5675
B3 36.3983 -33.1936 -35.7444
B4 40.7265 1.42 47.1777
B5 36.0139 -28.5718 44.1372
B6 -37.9481 -10.5226 -19.6248
B7 -31.774 -37.44 -35.9699
B8 -14.4549 -36.3559 -24.377
B9 6.75856 21.3968 -19.2663
B10 -33.2306 -35.7378 36.8659
B11 -39.8494 3.04697 -29.773
B12 -42.5608 -1.00436 -28.0591
B13 -38.8579 -5.2636 -22.5527
B14 -11.8066 19.1033 44.2403
B15 -10.0425 -39.9352 -30.8901
B16 27.5883 7.08326 -5.317
B17 35.8851 -12.3311 44.8285
B18 -36.0741 -6.99352 -25.1956
B19 36.63 -14.0826 45.83
B20 31.792 -35.8425 -33.8619
B21 -17.5163 30.3204 37.5341
B22 -33.33 -37.8805 39.3507
B23 -20.5674 -39.1524 -34.5954
B24 42.3406 26.1289 -41.1065
B25 42.2511 25.8874 -41.0513
B26 -12.9228 37.8904 32.9242
B27 -22.4132 29.7323 39.0008
B28 19.9807 -35.5762 -32.4041
B29 -39.2346 -10.9521 -23.7973
B30 -24.4813 -24.6941 -3.06721
B31 -11.3672 29.2182 35.4889
B32 -18.5692 28.6919 37.7295
B33 36.5697 -6.88998 45.5427
B34 31.5482 -33.4144 -36.9465
B35 -16.5915 32.653 37.5692
B36 -31.6757 26.7161 33.3551
B37 -30.9766 -35.5935 30.5197
B38 -24.9683 -34.8702 30.6901
B39 -29.37 -40.2595 41.1007
Frame 28
B0 37.1164 -11.9783 44.3521
B1 -10.3318 -37.4971 11.7686
B2 -11.5824 36.4133 36.8943
B3 35.5056 -33.6418 -35.7915
B4 40.399 0.485036 47.0414
B5 36.0248 -27.5726 44.1746
B6 -37.1849 -11.1635 -19.5424
B7 -31.406 -36.7214 -35.3798
B8 -15.2982 -35.8563 -24.1785
B9 7.30215 20.7953 -18.6809
B10 -33.3177 -35.3003 35.9709
B11 -39.6898 2.38289 -29.0426
B12 -42.3895 -1.71233 -27.374
B13 -38.4676 -6.15648 -22.7772
B14 -12.1615 19.928 43.7999
B15 -10.5363 -39.1895 -30.4426
B16 26.7477 7.45484 -5.71103
B17 36.2527 -13.1608 45.2485
B18 -35.4845 -7.30097 -25.9425
B19 36.7628 -13.0988 45.9504
B20 30.8221 -35.6809 -33.6798
B21 -18.2064 29.6959 37.2213
B22 -32.5684 -37.658 38.7421
B23 -20.9719 -38.4263 -34.0394
B24 42.0512 25.2312 -40.7742
B25 41.962 24.9909 -40.7156
B26 -13.5796 37.1363 32.922
B27 -21.4952 29.9331 38.6589
B28 19.1597 -35.3258 -31.8909
B29 -39.0524 -11.9345 -23.7569
B30 -24.3172 -24.2425 -3.94418
B31 -11.8324 28.5907 35.4502
B32 -18.7635 27.9722 37.4731
B33 36.5349 -7.8877 45.4849
B34 30.6347 -33.3643 -36.5428
B35 -17.1057 31.8128 37.397
B36 -30.7516 26.9868 33.6249
B37 -30.9713 -35.301 29.5634
B38 -25.4376 -35.2714 29.9034
B39 -28.7815 -39.8452 40.4064
Frame 29
B0 38.0629 -12.0836 44.6572
B1 -11.2526 -37.3326 12.1222
B2 -12.0433 35.5816 37.2041
B3 34.5872 -34.0373 -35.7886
B4 40.0885 -0.456066 46.9076
B5 36.0492 -26.5739 44.2202
B6 -36.4363 -11.8259 -19.5137
B7 -31.0869 -35.979 -34.7907
B8 -16.1025 -35.297 -23.9778
B9 7.88645 20.2137 -18.1149
B10 -33.3035 -34.8956 35.0565
B11 -39.4834 1.68522 -28.3566
B12 -42.2045 -2.46303 -26.7398
B13 -38.0616 -7.05773 -22.9286
B14 -12.5244 20.7414 43.3453
B15 -11.0468 -38.4543 -29.9967
B16 25.9286 7.85305 -6.1241
B17 36.6696 -13.8707 45.5928
B18 -34.8715 -7.68586 -26.6325
B19 36.9402 -12.1187 46.0396
B20 29.8483 -35.5 -33.542
B21 -18.7537 29.0994 36.872
B22 -31.8478 -37.4443 38.0825
B23 -21.3691 -37.6884 -33.4936
B24 41.755 24.3307 -40.456
B25 41.674 24.0948 -40.3779
B26 -14.221 36.3697 32.9539
B27 -20.5754 30.1058 38.3065
B28 18.2926 -35.1067 -31.4436
B29 -38.8184 -12.9067 -23.7678
B30 -24.2377 -23.8322 -4.85266
B31 -12.442 27.9829 35.4473
B32 -18.8091 27.2711 37.2116
B33 36.5536 -8.8867 45.4443
B34 29.7237 -33.3495 -36.1308
B35 -17.5576 30.9399 37.2131
B36 -29.8212 27.2409 33.889
B37 -30.8773 -35.0343 28.6042
B38 -25.8712 -35.6067 29.067
B39 -28.2016 -39.4702 39.6831
Frame 30
B0 38.9211 -12.2309 45.076
B1 -12.1665 -37.1697 12.494
B2 -12.5236 34.7517 37.4876
B3 33.6493 -34.381 -35.7402
B4 39.7959 -1.40344 46.7776
B5 36.088 -25.5761 44.2744
B6 -35.7033 -12.506 -19.5187
B7 -30.8193 -35.2076 -34.2134
B8 -16.8686 -34.687 -23.7754
B9 8.50149 19.6484 -17.5652
B10 -33.1936 -34.5355 34.1301
B11 -39.2367 0.957794 -27.7163
B12 -42.0035 -3.24884 -26.1549
B13 -37.6392 -7.95818 -23.0326
B14 -12.8974 21.5415 42.8755
B15 -11.5831 -37.7199 -29.5808
B16 25.1271 8.27148 -6.55127
B17 37.1656 -14.4552 45.9147
B18 -34.2499 -8.15614 -27.2589
B19 37.2285 -11.2021 46.0502
B20 28.8723 -35.3096 -33.4362
B21 -19.1588 28.5483 36.5084
B22 -31.1729 -37.2337 37.3753
B23 -21.7183 -36.9278 -32.9463
B24 41.457 23.4299 -40.1402
B25 41.3852 23.1981 -40.0424
B26 -14.8426 35.5893 33.0216
B27 -19.6461 30.2426 37.9633
B28 17.3885 -34.9153 -31.0615
B29 -38.5282 -13.8623 -23.8185
B30 -24.2373 -23.4648 -5.78275
B31 -13.1921 27.4131 35.4807
B32 -18.7114 26.6126 36.9625
B33 36.6295 -9.8829 45.4017
B34 28.8135 -33.3619 -35.7168
B35 -17.9248 30.0324 37.009
B36 -28.8843 27.4764 34.1473
B37 -30.7051 -34.7907 27.6498
B38 -26.2583 -35.8705 28.1835
B39 -27.6347 -39.1309 38.9325
Frame 31
B0 39.6448 -12.4267 45.5404
B1 -13.0764 -37.0046 12.8745
B2 -13.0248 33.9234 37.7384
B3 32.6976 -34.6749 -35.6519
B4 39.5227 -2.35728 46.653
B5 36.1423 -24.5796 44.3378
B6 -34.9847 -13.2001 -19.5624
B7 -30.5951 -34.4149 -33.6465
B8 -17.5981 -34.0342 -23.5714
B9 9.21609 19.1164 -17.1109
B10 -32.9931 -34.2265 33.2005
B11 -38.9558 0.204101 -27.1221
B12 -41.789 -4.07301 -25.6307
B13 -37.1993 -8.85298 -23.1084
B14 -13.282 22.3261 42.3892
B15 -12.1422 -36.9855 -29.1959
B16 24.3401 8.70557 -6.98973
B17 37.6942 -14.8956 46.2105
B18 -33.6297 -8.7113 -27.8132
B19 37.5656 -10.4271 46.0516
B20 27.8944 -35.1197 -33.3494
B21 -19.4219 28.0443 36.1349
B22 -30.5468 -37.0238 36.6243
B23 -22.04 -36.1465 -32.4115
B24 41.1944 22.6649 -39.8771
B25 41.1368 22.4423 -39.739
B26 -15.4404 34.7943 33.1248
B27 -18.7073 30.2831 37.6214
B28 16.454 -34.754 -30.7442
B29 -38.181 -14.797 -23.8939
B30 -24.3099 -23.1414 -6.72622
B31 -14.0546 26.9115 35.5484
B32 -18.4941 26.0403 36.7415
B33 36.6365 -10.8759 45.2838
B34 27.9018 -33.3937 -35.3072
B35 -18.193 29.0986 36.7722
B36 -27.9407 27.6909 34.3995
B37 -30.4656 -34.5654 26.7054
B38 -26.5885 -36.0597 27.2588
B39 -27.0853 -38.8233 38.1555
Frame 32
B0 40.222 -12.6546 46.0069
B1 -13.9852 -36.8342 13.2554
B2 -13.5403 33.0926 37.9481
B3 31.7364 -34.9219 -35.529
B4 39.2703 -3.31766 46.5349
B5 36.2132 -23.5848 44.4106
B6 -34.2804 -13.9049 -19.6478
B7 -30.407 -33.6068 -33.0883
B8 -18.2976 -33.3463 -23.3776
B9 10.0174 18.6269 -16.767
B10 -32.7089 -33.9721 32.2761
B11 -38.6334 -0.571309 -26.5791
B12 -41.5584 -4.9264 -25.1632
B13 -36.7331 -9.73563 -23.1685
B14 -13.6796 23.0926 41.8848
B15 -12.7198 -36.252 -28.8375
B16 23.6486 9.17751 -7.53657
B17 38.2221 -15.1905 46.47
B18 -33.0167 -9.343 -28.2876
B19 37.9872 -9.76842 46.0959
B20 26.9137 -34.9414 -33.2684
B21 -19.5522 27.6097 35.7686
B22 -29.971 -36.8145 35.8339
B23 -22.346 -35.3449 -31.8979
B24 40.9604 22.0272 -39.6884
B25 40.9404 21.8269 -39.4437
B26 -16.0029 33.979 33.2617
B27 -17.7732 30.2041 37.2732
B28 15.4981 -34.6165 -30.4846
B29 -37.7771 -15.7072 -23.986
B30 -24.4497 -22.8626 -7.67635
B31 -14.971 26.522 35.6404
B32 -18.2061 25.5936 36.5617
B33 36.689 -11.87 45.1894
B34 26.9855 -33.4376 -34.9089
B35 -18.361 28.144 36.526
B36 -26.9902 27.8817 34.6449
B37 -30.1691 -34.3527 25.7743
B38 -26.8529 -36.1733 26.301
B39 -26.5581 -38.5431 37.3534
Frame 33
B0 40.6518 -12.8909 46.4474
B1 -14.8954 -36.6552 13.6289
B2 -14.0645 32.2571 38.1127
B3 30.7692 -35.1255 -35.3771
B4 39.0615 -4.28938 46.4244
B5 36.3025 -22.5922 44.4935
B6 -33.5907 -14.6174 -19.7763
B7 -30.2486 -32.7877 -32.5369
B8 -18.9696 -32.6272 -23.201
B9 10.8852 18.1864 -16.5371
B10 -32.3496 -33.7731 31.3643
B11 -38.2722 -1.36787 -26.0944
B12 -41.3084 -5.80122 -24.7483
B13 -36.2428 -10.6055 -23.2231
B14 -14.1052 23.8287 41.3586
B15 -13.281 -35.4969 -28.4986
B16 23.065 9.6746 -8.17867
B17 38.7261 -15.3433 46.6879
B18 -32.4174 -10.0421 -28.6776
B19 38.429 -9.25831 46.1445
B20 25.9299 -34.785 -33.181
B21 -19.591 27.2921 35.4239
B22 -29.4454 -36.6065 35.009
B23 -22.6385 -34.5276 -31.4015
B24 40.7303 21.4867 -39.6136
B25 40.8093 21.3284 -39.0807
B26 -16.5325 33.1467 33.4255
B27 -16.8743 29.984 36.8944
B28 14.5278 -34.4961 -30.2748
B29 -37.3171 -16.5892 -24.0886
B30 -24.6509 -22.6291 -8.62764
B31 -15.9313 26.2644 35.7471
B32 -17.9265 25.2821 36.4465
B33 36.8489 -12.8564 45.1503
B34 26.0621 -33.4865 -34.5283
B35 -18.3828 27.2233 36.284
B36 -26.0285 28.0352 34.872
B37 -29.8249 -34.1464 24.8584
B38 -27.044 -36.2134 25.3203
B39 -26.0573 -38.2859 36.5269
Frame 34
B0 40.9395 -13.1137 46.8416
B1 -15.8092 -36.4645 13.9874
B2 -14.5918 31.4159 38.2328
B3 29.7986 -35.2898 -35.2012
B4 38.9014 -5.27147 46.3251
B5 36.4311 -21.6058 44.5957
B6 -32.9158 -15.335 -19.9488
B7 -30.1252 -31.96 -31.9895
B8 -19.6172 -31.8827 -23.0383
B9 11.7995 17.7987 -16.4199
B10 -31.9253 -33.6278 30.4705
B11 -37.881 -2.1814 -25.6641
B12 -41.0358 -6.6909 -24.382
B13 -35.7307 -11.4626 -23.2784
B14 -14.5546 24.534 40.8103
B15 -13.7897 -34.6985 -28.1767
B16 22.597 10.1843 -8.90056
B17 39.1908 -15.3581 46.8617
B18 -31.8377 -10.7984 -28.981
B19 38.8637 -8.89797 46.1887
B20 24.9432 -34.6603 -33.0767
B21 -19.5907 27.1164 35.108
B22 -28.9681 -36.4014 34.1546
B23 -22.9066 -33.6984 -30.911
B24 40.4663 20.989 -39.6787
B25 40.7277 20.8903 -38.5897
B26 -17.0311 32.2995 33.609
B27 -16.0697 29.6481 36.5016
B28 13.5482 -34.3863 -30.1068
B29 -36.8019 -17.4393 -24.1973
B30 -24.9082 -22.4415 -9.5756
B31 -16.9093 26.1557 35.8602
B32 -17.745 24.9887 36.4433
B33 37.1369 -13.8136 45.1774
B34 25.1295 -33.5341 -34.1705
B35 -18.3388 26.4318 36.08
B36 -25.0581 28.1464 35.0863
B37 -29.441 -33.9407 23.9582
B38 -27.1574 -36.1848 24.3272
B39 -25.5869 -38.0474 35.6772
Frame 35
B0 41.0946 -13.303 47.1743
B1 -16.7284 -36.259 14.3233
B2 -15.1405 30.5863 38.3361
B3 28.8264 -35.4188 -35.0057
B4 38.7909 -6.26177 46.2409
B5 36.5975 -20.6269 44.7139
B6 -32.2563 -16.0548 -20.1654
B7 -30.0322 -31.1257 -31.4461
B8 -20.2432 -31.1178 -22.8867
B9 12.742 17.4646 -16.4095
B10 -31.4465 -33.5331 29.5977
B11 -37.4671 -3.00863 -25.2841
B12 -40.7382 -7.59095 -24.0636
B13 -35.1992 -12.3076 -23.3376
B14 -15.0297 25.2034 40.2392
B15 -14.2793 -33.8777 -27.8823
B16 22.2471 10.6953 -9.68577
B17 39.6045 -15.2394 46.9903
B18 -31.2821 -11.6011 -29.1977
B19 39.2883 -8.68721 46.2284
B20 23.9604 -34.6128 -32.8985
B21 -19.5519 27.0769 34.8418
B22 -28.5364 -36.2006 33.2752
B23 -23.1529 -32.8597 -30.4252
B24 40.1354 20.4997 -39.8777
B25 40.6663 20.4793 -37.9525
B26 -17.5082 31.4443 33.8116
B27 -15.3805 29.2192 36.0862
B28 12.5628 -34.2811 -29.9728
B29 -36.2324 -18.2538 -24.3084
B30 -25.2164 -22.301 -10.5165
B31 -17.8562 26.1936 35.9756
B32 -17.5196 24.5939 36.5415
B33 37.5317 -14.6838 45.2639
B34 24.1681 -33.481 -33.9005
B35 -18.342 25.7755 35.9209
B36 -24.0839 28.2234 35.2983
B37 -29.0235 -33.7313 23.074
B38 -27.1928 -36.0935 23.332
B39 -25.1501 -37.8238 34.8059
Frame 36
B0 41.128 -13.4436 47.4338
B1 -17.6542 -36.0356 14.6282
B2 -15.7452 29.7965 38.4386
B3 27.8536 -35.5154 -34.795
B4 38.646 -7.2492 46.1779
B5 36.8035 -19.6577 44.849
B6 -31.6128 -16.7743 -20.4266
B7 -29.9653 -30.2865 -30.9065
B8 -20.8503 -30.3361 -22.7439
B9 13.6972 17.1819 -16.497
B10 -30.9261 -33.4852 28.7451
B11 -37.0281 -3.84427 -24.954
B12 -40.4133 -8.49599 -23.7891
B13 -34.6506 -13.1412 -23.4025
B14 -15.5416 25.8296 39.6511
B15 -14.7529 -33.0396 -27.6116
B16 22.013 11.1974 -10.5183
B17 39.9547 -14.9935 47.0708
B18 -30.754 -12.44 -29.3294
B19 39.7311 -8.62534 46.2679
B20 22.9899 -34.6371 -32.6585
B21 -19.4592 27.1607 34.6419
B22 -28.1465 -36.0055 32.3752
B23 -23.3798 -32.0136 -29.9429
B24 39.6891 19.9965 -40.1715
B25 40.5818 20.0732 -37.1672
B26 -17.9626 30.5865 34.0517
B27 -14.8097 28.708 35.6292
B28 11.5743 -34.1746 -29.8652
B29 -35.6103 -19.0288 -24.4189
B30 -25.5711 -22.2095 -11.447
B31 -18.7553 26.3719 36.1137
B32 -17.1663 24.1912 36.7175
B33 37.9898 -15.4239 45.39
B34 23.1979 -33.3317 -33.7097
B35 -18.2095 25.1828 35.7636
B36 -23.1102 28.2575 35.5237
B37 -28.5777 -33.5163 22.205
B38 -27.154 -35.9457 22.3437
B39 -24.7492 -37.6115 33.9148
Frame 37
B0 41.0559 -13.5121 47.615
B1 -18.587 -35.791 14.893
B2 -16.4058 29.0471 38.4839
B3 26.8809 -35.5821 -34.5729
B4 38.3626 -8.20578 46.1096
B5 37.0402 -18.6984 45.0033
B6 -30.9862 -17.4909 -20.7329
B7 -29.9199 -29.4438 -30.37
B8 -21.4354 -29.5387 -22.5961
B9 14.6533 16.9464 -16.6717
B10 -30.3733 -33.4775 27.9119
B11 -36.5701 -4.68629 -24.669
B12 -40.0593 -9.40144 -23.5549
B13 -34.087 -13.9642 -23.473
B14 -16.1119 26.394 39.0542
B15 -15.2133 -32.188 -27.3611
B16 21.8883 11.683 -11.3835
B17 40.2207 -14.6388 47.0916
B18 -30.2556 -13.3055 -29.3789
B19 40.2555 -8.68911 46.3154
B20 22.0357 -34.7217 -32.3715
B21 -19.2652 27.3286 34.5138
B22 -27.7946 -35.817 31.4584
B23 -23.6004 -31.161 -29.4692
B24 39.1002 19.465 -40.4284
B25 40.4236 19.6607 -36.2701
B26 -18.3607 29.7234 34.3626
B27 -14.3769 28.1427 35.1488
B28 10.5846 -34.0616 -29.7774
B29 -34.9369 -19.7603 -24.5261
B30 -25.968 -22.17 -12.364
B31 -19.5754 26.6735 36.2847
B32 -16.7237 23.884 36.9672
B33 38.4785 -16.0188 45.5382
B34 22.2326 -33.1042 -33.5813
B35 -18.0511 24.7374 35.6192
B36 -22.1482 28.2323 35.7956
B37 -28.1087 -33.2961 21.3498
B38 -27.0492 -35.7468 21.3693
B39 -24.3856 -37.4075 33.0058
Frame 38
B0 40.8966 -13.4827 47.7232
B1 -19.5259 -35.522 15.1077
B2 -17.1133 28.3436 38.4171
B3 25.9086 -35.6209 -34.3425
B4 38.025 -9.14457 46.0414
B5 37.2791 -17.7424 45.1733
B6 -30.3779 -18.2019 -21.0857
B7 -29.8918 -28.5988 -29.8359
B8 -22.0009 -28.7283 -22.4429
B9 15.6017 16.7524 -16.9223
B10 -29.7968 -33.5026 27.0952
B11 -36.0977 -5.53314 -24.4247
B12 -39.6753 -10.3034 -23.3577
B13 -33.5103 -14.7777 -23.5484
B14 -16.7118 26.8475 38.3951
B15 -15.6633 -31.3259 -27.1279
B16 21.8634 12.1463 -12.2694
B17 40.3861 -14.2054 47.034
B18 -29.7882 -14.1891 -29.3496
B19 40.8301 -8.89421 46.3659
B20 21.0966 -34.8487 -32.0524
B21 -18.9421 27.4673 34.4565
B22 -27.4764 -35.6358 30.5278
B23 -23.8146 -30.3024 -29.0035
B24 38.4173 18.9135 -40.5701
B25 40.1823 19.27 -35.3818
B26 -18.6407 28.8581 34.766
B27 -14.0917 27.5606 34.6886
B28 9.59518 -33.937 -29.7033
B29 -34.2137 -20.4435 -24.6274
B30 -26.4032 -22.1876 -13.2642
B31 -20.2481 26.979 36.4826
B32 -16.2972 23.7092 37.2621
B33 39.0007 -16.4685 45.7034
B34 21.2765 -32.8245 -33.4938
B35 -17.909 24.4408 35.4848
B36 -21.3341 28.2225 36.0876
B37 -27.6222 -33.0737 20.5048
B38 -26.8896 -35.5011 20.4132
B39 -24.0597 -37.2091 32.0815
Frame 39
B0 40.6565 -13.3362 47.7842
B1 -20.4686 -35.2256 15.2609
B2 -17.8741 27.7215 38.2361
B3 24.9369 -35.6339 -34.1067
B4 37.7129 -10.0926 45.9802
B5 37.4068 -16.7626 45.3273
B6 -29.7904 -18.9043 -21.4875
B7 -29.8293 -27.7561 -29.3011
B8 -22.5491 -27.9072 -22.2844
B9 16.5371 16.5936 -17.2382
B10 -29.2051 -33.5529 26.2906
B11 -35.6143 -6.38358 -24.217
B12 -39.2608 -11.1987 -23.1944
B13 -32.9217 -15.5823 -23.6268
B14 -17.2447 27.2168 37.6338
B15 -16.1053 -30.4558 -26.9096
B16 21.9271 12.5835 -13.1664
B17 40.4475 -13.7254 46.8786
B18 -29.3525 -15.0831 -29.2455
B19 41.3781 -9.24657 46.406
B20 20.167 -34.9973 -31.7151
B21 -18.5402 27.4886 34.4493
B22 -27.1881 -35.4618 29.5862
B23 -24.0232 -29.4378 -28.5463
B24 37.6654 18.3498 -40.5792
B25 39.8529 18.8924 -34.5164
B26 -18.8057 28.0602 35.2383
B27 -13.944 26.9927 34.2866
B28 8.60667 -33.8 -29.6393
B29 -33.4421 -21.0728 -24.72
B30 -26.8727 -22.2709 -14.1431
B31 -20.8165 27.1793 36.7044
B32 -15.9465 23.66 37.5878
B33 39.6052 -16.7954 45.8939
B34 20.3273 -32.517 -33.4279
B35 -17.8055 24.2879 35.3688
B36 -20.6008 28.3169 36.3082
B37 -27.1262 -32.8539 19.6648
B38 -26.6891 -35.2117 19.4772
B39 -23.7713 -37.0141 31.144
Frame 40
B0 40.2905 -13.1143 47.8136
B1 -21.4096 -34.893 15.3239
B2 -18.7152 27.197 38.1039
B3 23.9658 -35.6225 -33.8681
B4 37.4752 -11.0627 45.9294
B5 37.4827 -15.7754 45.4674
B6 -29.2276 -19.5942 -21.9427
B7 -29.7316 -26.9176 -28.7651
B8 -23.0826 -27.0772 -22.1215
B9 17.4486 16.4802 -17.6336
B10 -28.6066 -33.6203 25.4923
B11 -35.1225 -7.23655 -24.0422
B12 -38.8159 -12.0845 -23.0623
B13 -32.3223 -16.3788 -23.7061
B14 -17.7111 27.5078 36.7984
B15 -16.5415 -29.5798 -26.704
B16 22.0899 12.9859 -14.0673
B17 40.4019 -13.2178 46.6218
B18 -28.9484 -15.9808 -29.07
B19 41.8487 -9.72571 46.4252
B20 19.2402 -35.1481 -31.3709
B21 -18.0584 27.3859 34.4154
B22 -26.9264 -35.2944 28.6357
B23 -24.2262 -28.568 -28.0967
B24 36.8567 17.7793 -40.4497
B25 39.4398 18.5257 -33.6828
B26 -18.8634 27.2065 35.7559
B27 -13.9169 26.4582 33.9673
B28 7.62018 -33.6472 -29.5805
B29 -32.6234 -21.6414 -24.8007
B30 -27.2512 -22.4434 -15.0525
B31 -21.4114 27.234 36.9502
B32 -15.6914 23.7261 37.9229
B33 40.2734 -16.9881 46.105
B34 19.3807 -32.1999 -33.3689
B35 -17.7531 24.2683 35.2989
B36 -19.8237 28.5227 36.4384
B37 -26.6336 -32.6407 18.821
B38 -26.4695 -34.8759 18.5612
B39 -23.5193 -36.8204 30.1959
Frame 41
B0 39.8126 -12.9252 47.7487
B1 -22.337 -34.5217 15.2788
B2 -19.452 26.5677 37.9968
B3 22.9955 -35.5879 -33.6288
B4 37.3539 -12.0544 45.8873
B5 37.6218 -14.7963 45.6159
B6 -28.6983 -20.2662 -22.4607
B7 -29.5744 -26.0906 -28.2253
B8 -23.6039 -26.24 -21.9561
B9 18.33 16.4084 -18.1005
B10 -28.0104 -33.696 24.693
B11 -34.6238 -8.09108 -23.8972
B12 -38.3411 -12.9585 -22.9589
B13 -31.7125 -17.1676 -23.7834
B14 -18.143 27.66 35.9177
B15 -16.97 -28.6991 -26.5024
B16 22.3439 13.3495 -14.9636
B17 40.2255 -12.7333 46.2953
B18 -28.5742 -16.8759 -28.8276
B19 42.2197 -10.3144 46.4202
B20 18.3112 -35.2863 -31.0278
B21 -17.4952 27.1601 34.354
B22 -26.689 -35.132 27.678
B23 -24.4226 -27.6935 -27.6531
B24 36.0521 17.2426 -40.1956
B25 38.9516 18.1706 -32.8856
B26 -18.8564 26.3254 36.2289
B27 -13.9914 25.9636 33.7509
B28 6.64016 -33.4622 -29.5074
B29 -31.7549 -22.134 -24.8545
B30 -27.5232 -22.7061 -15.9783
B31 -22.1213 27.198 37.1634
B32 -15.5425 23.8967 38.2413
B33 40.9324 -17.0311 46.319
B34 18.4334 -31.8858 -33.3068
B35 -17.7549 24.369 35.3004
B36 -18.9892 28.8437 36.4915
B37 -26.1602 -32.4379 17.9638
B38 -26.2484 -34.4971 17.6626
B39 -23.295 -36.6307 29.24
Frame 42
B0 39.3173 -12.8143 47.557
B1 -23.2346 -34.115 15.1089
B2 -20.0532 25.8782 37.9118
B3 22.0259 -35.5309 -33.3909
B4 37.3826 -13.0502 45.8454
B5 37.9038 -13.8608 45.7781
B6 -28.1206 -20.9064 -22.9671
B7 -29.3414 -25.2807 -27.6871
B8 -24.1167 -25.396 -21.7989
B9 19.1766 16.3748 -18.6317
B10 -27.4258 -33.7711 23.8852
B11 -34.1189 -8.94616 -23.779
B12 -37.8369 -13.8186 -22.8817
B13 -31.0916 -17.9482 -23.8549
B14 -18.5229 27.6769 35.0756
B15 -17.3924 -27.8144 -26.3051
B16 22.6812 13.6717 -15.8481
B17 39.9619 -12.3707 45.9659
B18 -28.1675 -17.7499 -28.5617
B19 42.4935 -11.0168 46.4046
B20 17.3766 -35.4017 -30.6912
B21 -16.8772 26.8131 34.3618
B22 -26.4751 -34.9723 26.7143
B23 -24.6097 -26.8153 -27.2129
B24 35.2648 16.7467 -39.8293
B25 38.3978 17.829 -32.1262
B26 -18.7039 25.4413 36.6706
B27 -14.1319 25.5056 33.6642
B28 5.66674 -33.2497 -29.422
B29 -30.8676 -22.5935 -24.8954
B30 -27.6738 -23.055 -16.9032
B31 -22.8188 27.1447 37.228
B32 -15.4999 24.1654 38.52
B33 41.5393 -16.9337 46.5232
B34 17.4831 -31.5828 -33.2351
B35 -17.8072 24.599 35.3587
B36 -18.0933 29.0868 36.6571
B37 -25.724 -32.2467 17.0846
B38 -26.0431 -34.0808 16.7768
B39 -23.0956 -36.4433 28.2782
Frame 43
B0 38.9081 -12.7876 47.2758
B1 -24.0841 -33.684 14.8047
B2 -20.5099 25.2279 37.82
B3 21.0571 -35.4525 -33.1556
B4 37.3989 -13.8965 45.8039
B5 38.3182 -12.9635 45.9305
B6 -27.4911 -21.5048 -23.4627
B7 -29.0183 -24.4953 -27.159
B8 -24.6128 -24.5796 -21.5032
B9 19.9852 16.3756 -19.22
B10 -26.8614 -33.8368 23.0623
B11 -33.6081 -9.80071 -23.6851
B12 -37.3039 -14.6631 -22.8285
B13 -30.4548 -18.7169 -23.9148
B14 -18.9088 27.572 34.3207
B15 -17.7363 -26.8935 -26.1215
B16 23.0931 13.9507 -16.7156
B17 39.7193 -12.1525 45.6714
B18 -27.7186 -18.5933 -28.2663
B19 42.6675 -11.8312 46.3924
B20 16.4354 -35.4877 -30.3646
B21 -16.3301 26.4357 34.4983
B22 -26.2853 -34.812 25.7456
B23 -24.7725 -25.9334 -26.7705
B24 34.5029 16.3066 -39.354
B25 37.7825 17.5142 -31.4035
B26 -18.4672 24.6612 37.0444
B27 -14.2694 25.0366 33.6647
B28 4.70001 -33.0126 -29.3259
B29 -29.9528 -22.9972 -24.8833
B30 -27.6972 -23.4691 -17.783
B31 -23.3806 27.097 37.229
B32 -15.5595 24.5297 38.7445
B33 42.0633 -16.7129 46.708
B34 16.5291 -31.2956 -33.1495
B35 -17.9101 24.9608 35.4679
B36 -17.2132 29.1859 36.8615
B37 -25.3328 -31.9472 16.2144
B38 -25.9423 -33.7489 15.8389
B39 -22.9188 -36.2564 27.3118
Frame 44
B0 38.633 -12.8283 46.9946
B1 -24.8691 -33.2466 14.3659
B2 -20.8481 24.6582 37.6835
B3 20.0893 -35.3536 -32.9241
B4 37.4238 -14.8893 45.7317
B5 38.8365 -12.1591 46.0271
B6 -26.7889 -22.1085 -23.8402
B7 -28.5748 -23.7474 -26.6651
B8 -25.0712 -23.8028 -21.0715
B9 20.7545 16.4064 -19.8582
B10 -26.326 -33.8854 22.2191
B11 -33.0908 -10.6535 -23.6126
B12 -36.7444 -15.4912 -22.7944
B13 -29.7534 -19.4292 -23.9416
B14 -19.2944 27.3876 33.6931
B15 -17.9879 -25.9406 -25.9522
B16 23.5704 14.1861 -17.5622
B17 39.5812 -12.042 45.378
B18 -27.2161 -19.3953 -27.9434
B19 42.7236 -12.7383 46.3813
B20 15.4875 -35.5402 -30.0505
B21 -15.9002 26.0804 34.7257
B22 -26.1223 -34.647 24.7729
B23 -24.8867 -25.0508 -26.3145
B24 33.7755 15.9236 -38.7847
B25 37.1145 17.2235 -30.7184
B26 -18.2013 24.0154 37.3585
B27 -14.404 24.4905 33.6539
B28 3.73955 -32.755 -29.2202
B29 -29.027 -23.3511 -24.7503
B30 -27.608 -23.921 -18.5711
B31 -23.7965 27.0496 37.1953
B32 -15.7201 24.9822 38.902
B33 42.4752 -16.3966 46.8644
B34 15.5713 -31.0265 -33.0479
B35 -18.0604 25.4395 35.6581
B36 -16.4224 29.1644 37.064
B37 -24.9685 -31.5392 15.3772
B38 -25.9666 -33.495 14.8733
B39 -22.7632 -36.0682 26.3421
Frame 45
B0 38.4551 -12.9755 46.7541
B1 -25.5608 -32.8203 13.8103
B2 -21.07 24.167 37.4942
B3 19.1196 -35.2369 -32.7095
B4 37.5925 -15.8723 45.6592
B5 39.4017 -11.4885 46.1729
B6 -26.0207 -22.6975 -24.091
B7 -28.0152 -23.0283 -26.2532
B8 -25.4722 -23.0753 -20.5148
B9 21.485 16.4621 -20.5388
B10 -25.8273 -33.9104 21.3527
B11 -32.566 -11.5029 -23.5586
B12 -36.158 -16.301 -22.7774
B13 -28.9824 -20.0658 -23.9281
B14 -19.6477 27.1501 33.202
B15 -18.1217 -24.962 -25.7957
B16 24.1024 14.3792 -18.3866
B17 39.5021 -12.063 45.0436
B18 -26.6413 -20.1333 -27.59
B19 42.6366 -13.6886 46.3583
B20 14.5337 -35.5566 -29.7503
B21 -15.6 25.7593 35.0202
B22 -25.9896 -34.4732 23.7971
B23 -24.9143 -24.1743 -25.834
B24 33.0882 15.5966 -38.1361
B25 36.401 16.9545 -30.0715
B26 -17.9419 23.4959 37.5918
B27 -14.6516 23.8617 33.5893
B28 2.78502 -32.48 -29.1052
B29 -28.1512 -23.7546 -24.4856
B30 -27.4387 -24.3925 -19.2339
B31 -24.064 26.9975 37.1394
B32 -15.9961 25.491 38.9818
B33 42.7457 -16.0398 46.9911
B34 14.6106 -30.7758 -32.929
B35 -18.2446 25.9892 35.976
B36 -15.7544 29.0611 37.2397
B37 -24.6011 -31.0512 14.5854
B38 -26.0816 -33.357 13.9363
B39 -22.628 -35.8766 25.37
Frame 46
B0 38.3783 -13.2334 46.5205
B1 -26.1509 -32.3143 13.1812
B2 -21.1712 23.7491 37.2541
B3 18.1495 -35.1006 -32.5086
B4 37.8927 -16.7842 45.5979
B5 40.0294 -10.8823 46.4389
B6 -25.1941 -23.2471 -24.2124
B7 -27.3759 -22.3266 -25.9385
B8 -25.7972 -22.4004 -19.8523
B9 22.1798 16.5366 -21.2541
B10 -25.3713 -33.9069 20.4627
B11 -32.0316 -12.3473 -23.5197
B12 -35.5442 -17.0905 -22.7745
B13 -28.1904 -20.6567 -23.7745
B14 -19.9418 26.8657 32.8405
B15 -18.1083 -23.9737 -25.6441
B16 24.6776 14.5335 -19.19
B17 39.4772 -12.224 44.7121
B18 -25.977 -20.784 -27.222
B19 42.4061 -14.6051 46.3078
B20 13.5755 -35.5354 -29.465
B21 -15.4389 25.4691 35.3616
B22 -25.8898 -34.2867 22.8197
B23 -24.8324 -23.3932 -25.3163
B24 32.4441 15.3228 -37.4218
B25 35.6479 16.7047 -29.4629
B26 -17.7176 23.0897 37.7333
B27 -15.0491 23.2376 33.5228
B28 1.8362 -32.1897 -28.9808
B29 -27.3566 -24.2503 -24.135
B30 -27.2111 -24.8905 -19.761
B31 -24.1829 26.9331 37.0681
B32 -16.3993 25.9991 38.982
B33 42.8824 -15.7464 47.1416
B34 13.6477 -30.5426 -32.7928
B35 -18.4239 26.4113 36.3726
B36 -15.2158 28.9044 37.3616
B37 -24.1929 -30.5002 13.8576
B38 -26.2071 -33.3642 13.0358
B39 -22.5131 -35.6793 24.3964
Frame 47
B0 38.4235 -13.5785 46.2926
B1 -26.6941 -31.7289 12.5793
B2 -21.1502 23.4064 36.9702
B3 17.1804 -34.9435 -32.3186
B4 38.2898 -17.5826 45.5525
B5 40.7018 -10.4088 46.7586
B6 -24.3504 -23.7833 -24.1903
B7 -26.8455 -21.7022 -25.5554
B8 -26.0461 -21.7908 -19.0997
B9 22.8444 16.6227 -21.9964
B10 -24.9615 -33.8713 19.5513
B11 -31.4686 -13.1734 -23.4966
B12 -34.9114 -17.8641 -22.7415
B13 -27.4579 -21.1858 -23.4979
B14 -20.1626 26.5424 32.6039
B15 -18.0365 -23.0513 -25.371
B16 25.2835 14.654 -19.9763
B17 39.5265 -12.5085 44.4218
B18 -25.2231 -21.3448 -26.8798
B19 42.0556 -15.4439 46.2114
B20 12.6146 -35.4761 -29.1946
B21 -15.4243 25.203 35.724
B22 -25.8231 -34.0849 21.8426
B23 -24.6402 -22.684 -24.8705
B24 31.8441 15.0987 -36.6538
B25 34.8598 16.4722 -28.8929
B26 -17.547 22.7953 37.7903
B27 -15.5781 22.6772 33.4905
B28 0.894211 -31.8819 -28.8469
B29 -26.6566 -24.8322 -23.7209
B30 -26.9293 -25.405 -20.1492
B31 -24.1533 26.8492 36.9878
B32 -16.9226 26.4567 38.908
B33 42.9986 -15.401 47.4313
B34 12.6883 -30.2964 -32.6555
B35 -18.5943 26.6866 36.7394
B36 -14.7998 28.7029 37.4095
B37 -23.7531 -29.9265 13.1666
B38 -26.3084 -33.5148 12.0989
B39 -22.4187 -35.474 23.4223
Frame 48
B0 38.6033 -13.9865 46.0851
B1 -27.2236 -31.1058 12.0036
B2 -21.0104 23.1486 36.6525
B3 16.2134 -34.7645 -32.1371
B4 38.7532 -18.2479 45.5263
B5 41.3693 -10.0852 47.0782
B6 -23.5182 -24.3307 -24.1009
B7 -26.4647 -21.0688 -25.1764
B8 -26.2207 -21.2679 -18.2654
B9 23.4864 16.7122 -22.7578
B10 -24.5963 -33.806 18.6226
B11 -30.8842 -13.9837 -23.4532
B12 -34.2727 -18.628 -22.6489
B13 -26.7903 -21.6879 -23.0887
B14 -20.3032 26.1921 32.4912
B15 -17.9291 -22.2056 -24.9741
B16 25.9081 14.7468 -20.7518
B17 39.6649 -12.8919 44.2007
B18 -24.399 -21.8578 -26.6397
B19 41.5868 -16.2039 46.0673
B20 11.6558 -35.4049 -28.9196
B21 -15.5585 24.9556 36.081
B22 -25.7874 -33.8666 20.8673
B23 -24.3259 -22.0207 -24.3506
B24 31.2878 14.9204 -35.8422
B25 34.0489 16.2542 -28.3498
B26 -17.4456 22.6153 37.7794
B27 -16.2065 22.2173 33.5084
B28 -0.0415087 -31.5601 -28.7025
B29 -26.0531 -25.4786 -23.2541
B30 -26.6328 -25.9438 -20.3901
B31 -23.9757 26.7422 36.9009
B32 -17.5449 26.828 38.7616
B33 43.0078 -14.957 47.6847
B34 11.7325 -30.0365 -32.5182
B35 -18.7637 26.8306 37.0337
B36 -14.5002 28.4433 37.3828
B37 -23.3026 -29.3549 12.4808
B38 -26.3685 -33.7532 11.1296
B39 -22.3455 -35.2588 22.4485
Frame 49
B0 38.9234 -14.4329 45.9141
B1 -27.735 -30.4737 11.4215
B2 -20.7591 22.9896 36.3166
B3 15.2497 -34.5637 -31.9612
B4 39.2457 -18.7673 45.5187
B5 42.0031 -9.90534 47.3713
B6 -22.6901 -24.8736 -23.9617
B7 -26.1979 -20.3429 -24.8286
B8 -26.3331 -20.8418 -17.3677
B9 24.1145 16.7964 -23.5314
B10 -24.2661 -33.7218 17.6825
B11 -30.2824 -14.7773 -23.3637
B12 -33.6276 -19.3776 -22.5011
B13 -26.1779 -22.2017 -22.5406
B14 -20.3594 25.8293 32.5019
B15 -17.7786 -21.4458 -24.4619
B16 26.5398 14.8185 -21.5237
B17 39.8992 -13.3476 44.0697
B18 -23.5391 -22.3565 -26.5305
B19 41.0628 -16.8246 45.9174
B20 10.6991 -35.3227 -28.6403
B21 -15.8388 24.729 36.4109
B22 -25.7787 -33.6323 19.8952
B23 -23.8915 -21.3673 -23.7413
B24 30.7739 14.7839 -34.9953
B25 33.2159 16.0507 -27.8353
B26 -17.4288 22.5492 37.7199
B27 -16.8987 21.8818 33.5807
B28 -0.971355 -31.227 -28.5463
B29 -25.4789 -26.1627 -22.8043
B30 -26.3105 -26.5027 -20.4847
B31 -23.6516 26.6035 36.8072
B32 -18.2185 27.0729 38.5527
B33 42.8968 -14.4962 47.8499
B34 10.7807 -29.7624 -32.3802
B35 -18.9368 26.8629 37.2279
B36 -14.322 28.1201 37.2951
B37 -22.8689 -28.8034 11.7683
B38 -26.3902 -33.9987 10.1605
B39 -22.2939 -35.0321 21.4759
Frame 50
B0 39.3843 -14.8894 45.794
B1 -28.2083 -29.8528 10.7966
B2 -20.4116 22.9456 35.9836
B3 14.2884 -34.3466 -31.7917
B4 39.7163 -19.1397 45.5321
B5 42.5855 -9.86003 47.6224
B6 -21.857 -25.3978 -23.7852
B7 -26.0431 -19.5209 -24.4545
B8 -26.3917 -20.5202 -16.4226
B9 24.7379 16.8662 -24.3102
B10 -23.9648 -33.6222 16.7342
B11 -29.6598 -15.5391 -23.1847
B12 -32.9692 -20.0989 -22.2859
B13 -25.6146 -22.7202 -21.8973
B14 -20.3294 25.4727 32.6351
B15 -17.5832 -20.78 -23.8419
B16 27.1678 14.8753 -22.2998
B17 40.2285 -13.848 44.0457
B18 -22.6749 -22.8585 -26.4954
B19 40.5745 -17.3018 45.7929
B20 9.74498 -35.2316 -28.3551
B21 -16.2582 24.5359 36.6959
B22 -25.8373 -33.3655 18.9332
B23 -23.387 -20.7818 -23.1067
B24 30.2824 14.6775 -34.1309
B25 32.36 15.8618 -27.3539
B26 -17.5135 22.5897 37.6316
B27 -17.6124 21.6858 33.7036
B28 -1.89555 -30.885 -28.3763
B29 -24.861 -26.8319 -22.3916
B30 -25.9616 -27.0732 -20.4321
B31 -23.1848 26.4194 36.706
B32 -18.8432 27.1767 38.3584
B33 42.683 -14.081 47.9159
B34 9.83214 -29.48 -32.2371
B35 -19.1016 26.799 37.3074
B36 -14.2699 27.7359 37.1537
B37 -22.4734 -28.2848 11.0102
B38 -26.3832 -34.201 9.18116
B39 -22.2654 -34.7925 20.5054
Frame 51
B0 39.98 -15.3256 45.7362
B1 -28.6261 -29.2557 10.1119
B2 -19.9927 23.0302 35.6801
B3 13.3292 -34.1145 -31.6304
B4 40.1215 -19.4713 45.5778
B5 43.1068 -9.94149 47.8218
B6 -21.0172 -25.8907 -23.5574
B7 -25.8109 -18.811 -24.0177
B8 -26.397 -20.3057 -15.4459
B9 25.3653 16.9116 -25.0875
B10 -23.6856 -33.5137 15.7801
B11 -29.0305 -16.2658 -22.9092
B12 -32.3028 -20.7908 -22.0079
B13 -25.0964 -23.2164 -21.2007
B14 -20.2105 25.1477 32.885
B15 -17.3466 -20.219 -23.1227
B16 27.774 14.9185 -23.0939
B17 40.6445 -14.3682 44.1424
B18 -21.8059 -23.3498 -26.4363
B19 40.1585 -17.6542 45.7096
B20 8.7932 -35.1285 -28.0661
B21 -16.8029 24.3971 36.919
B22 -25.9681 -33.0748 17.9854
B23 -22.8075 -20.2857 -22.4602
B24 29.8136 14.6004 -33.251
B25 31.47 15.6869 -26.9329
B26 -17.7195 22.7181 37.5354
B27 -18.2837 21.6291 33.8625
B28 -2.81412 -30.5362 -28.1903
B29 -24.1835 -27.4751 -22.0348
B30 -25.613 -27.6503 -20.2296
B31 -22.5851 26.1673 36.5894
B32 -19.3895 27.2378 38.2846
B33 42.394 -13.7568 47.8893
B34 8.88597 -29.1939 -32.0858
B35 -19.2282 26.6408 37.2767
B36 -14.3459 27.2925 36.9616
B37 -22.1281 -27.8067 10.2026
B38 -26.3541 -34.3363 8.19079
B39 -22.2169 -34.541 19.5388
Frame 52
B0 40.6987 -15.7166 45.7516
B1 -28.9769 -28.6914 9.36452
B2 -19.5341 23.2483 35.4324
B3 12.3721 -33.872 -31.4716
B4 40.626 -19.9003 45.68
B5 43.5704 -10.1484 47.9624
B6 -20.1744 -26.343 -23.2657
B7 -25.4846 -18.2137 -23.5497
B8 -26.3421 -20.2007 -14.453
B9 25.9997 16.9152 -25.8605
B10 -23.4249 -33.3993 14.8215
B11 -28.4181 -16.9559 -22.5236
B12 -31.6434 -21.4566 -21.6589
B13 -24.5856 -23.676 -20.4741
B14 -20.0079 24.8968 33.2349
B15 -17.0744 -19.7745 -22.3162
B16 28.3405 14.9524 -23.9173
B17 41.1331 -14.8924 44.3704
B18 -20.9369 -23.8202 -26.2828
B19 39.7998 -17.8794 45.6813
B20 7.84362 -35.0115 -27.7753
B21 -17.4511 24.3376 37.0677
B22 -26.1606 -32.765 17.0543
B23 -22.179 -19.8978 -21.786
B24 29.3683 14.5527 -32.3569
B25 30.543 15.5251 -26.5945
B26 -18.0661 22.8926 37.4632
B27 -18.8223 21.6417 34.0126
B28 -3.72681 -30.1825 -27.9855
B29 -23.4556 -28.0742 -21.7012
B30 -25.2606 -28.2305 -19.8772
B31 -21.8956 25.8049 36.4251
B32 -19.9083 27.3379 38.3531
B33 42.0592 -13.5535 47.7868
B34 7.94171 -28.9076 -31.9234
B35 -19.2937 26.3856 37.1491
B36 -14.555 26.7956 36.7256
B37 -21.8395 -27.3672 9.352
B38 -26.3131 -34.399 7.1936
B39 -22.1642 -34.2737 18.5766
Frame 53
B0 41.516 -16.0431 45.8597
B1 -29.2545 -28.1661 8.56018
B2 -19.052 23.5965 35.2555
B3 11.4168 -33.6254 -31.3084
B4 41.2623 -20.2837 45.8371
B5 43.9857 -10.4851 48.0453
B6 -19.3441 -26.758 -22.8937
B7 -25.0513 -17.7201 -23.0646
B8 -26.189 -20.2015 -13.4647
B9 26.6471 16.8606 -26.6208
B10 -23.1834 -33.2784 13.8586
B11 -27.8398 -17.6174 -22.0462
B12 -30.9898 -22.0932 -21.2496
B13 -24.0619 -24.0936 -19.7316
B14 -19.7467 24.7709 33.6433
B15 -16.7686 -19.447 -21.4222
B16 28.8405 14.9785 -24.7829
B17 41.6721 -15.4146 44.7396
B18 -20.0806 -24.2627 -26.0166
B19 39.4845 -17.9728 45.7101
B20 6.89728 -34.8795 -27.4803
B21 -18.1782 24.3739 37.1323
B22 -26.3979 -32.4448 16.1371
B23 -21.5152 -19.6272 -21.0888
B24 28.9695 14.5413 -31.4399
B25 29.5788 15.3767 -26.3751
B26 -18.4425 23.0222 37.4541
B27 -19.2503 21.5607 34.124
B28 -4.63305 -29.8259 -27.7586
B29 -22.6891 -28.6195 -21.362
B30 -24.8917 -28.8215 -19.3761
B31 -21.2063 25.318 36.1772
B32 -20.4281 27.5188 38.5479
B33 41.7035 -13.4874 47.627
B34 7.00052 -28.6195 -31.7468
B35 -19.2864 26.0357 36.9309
B36 -14.9037 26.2544 36.457
B37 -21.6056 -26.9674 8.46575
B38 -26.2616 -34.3899 6.19497
B39 -22.0754 -34.0144 17.6149
Frame 54
B0 42.3546 -16.28 46.0863
B1 -29.457 -27.6837 7.70793
B2 -18.551 24.0617 35.1705
B3 10.4638 -33.376 -31.1364
B4 41.9735 -20.545 46.0389
B5 44.3615 -10.9581 48.0796
B6 -18.535 -27.1285 -22.4375
B7 -24.4919 -17.3079 -22.5798
B8 -25.9406 -20.3049 -12.5016
B9 27.3076 16.7298 -27.3601
B10 -22.961 -33.1494 12.8922
B11 -27.3152 -18.2736 -21.5036
B12 -30.3453 -22.7088 -20.7961
B13 -23.5282 -24.471 -18.9748
B14 -19.4735 24.7944 34.0586
B15 -16.4462 -19.2544 -20.4954
B16 29.2199 14.9776 -25.7082
B17 42.2289 -15.9362 45.2578
B18 -19.2504 -24.6743 -25.6408
B19 39.243 -17.9466 45.7913
B20 5.95427 -34.7327 -27.1816
B21 -18.963 24.4957 37.0879
B22 -26.6666 -32.1167 15.2315
B23 -20.8418 -19.4745 -20.3654
B24 28.6228 14.5648 -30.5023
B25 28.5964 15.263 -26.3005
B26 -18.672 23.1269 37.4631
B27 -19.6406 21.3609 34.2327
B28 -5.53192 -29.4681 -27.5055
B29 -21.908 -29.1148 -20.9817
B30 -24.4832 -29.4097 -18.7304
B31 -20.4969 24.706 35.849
B32 -20.938 27.7503 38.7959
B33 41.351 -13.5656 47.4268
B34 6.06209 -28.3323 -31.5549
B35 -19.2009 25.6052 36.6133
B36 -15.4018 25.7018 36.1944
B37 -21.4145 -26.6101 7.55151
B38 -26.1933 -34.3171 5.19996
B39 -21.9611 -33.7649 16.6533
Frame 55
B0 43.1153 -16.4492 46.4218
B1 -29.5881 -27.252 6.8155
B2 -18.0651 24.585 35.2231
B3 9.5142 -33.1214 -30.9537
B4 42.7064 -20.6623 46.2766
B5 44.6958 -11.5703 48.0769
B6 -17.7637 -27.4689 -21.8997
B7 -23.8029 -16.9681 -22.0741
B8 -25.5982 -20.5105 -11.5849
B9 27.9791 16.5038 -28.0657
B10 -22.7591 -33.0126 11.9224
B11 -26.8289 -18.9229 -20.919
B12 -29.7125 -23.3087 -20.3065
B13 -22.979 -24.8168 -18.214
B14 -19.2429 24.9416 34.4003
B15 -16.1137 -19.1879 -19.5546
B16 29.6918 14.9094 -26.5871
B17 42.7639 -16.4496 45.9242
B18 -18.4619 -25.0518 -25.1551
B19 39.1117 -17.8295 45.9183
B20 5.01493 -34.5704 -26.8795
B21 -19.7312 24.6486 36.8978
B22 -26.9439 -31.7825 14.3307
B23 -20.1802 -19.4352 -19.6166
B24 28.3411 14.613 -29.544
B25 27.6025 15.1723 -26.3623
B26 -18.7573 23.2717 37.4621
B27 -19.9955 21.1118 34.3396
B28 -6.41691 -29.1258 -27.1898
B29 -21.1277 -29.555 -20.5375
B30 -24.0461 -29.9386 -18.003
B31 -19.7447 24.1361 35.5182
B32 -21.3594 27.8995 38.9584
B33 41.0339 -13.7876 47.2021
B34 5.12649 -28.0484 -31.345
B35 -19.0407 25.0706 36.2175
B36 -15.8307 25.2354 36.0333
B37 -21.2522 -26.3004 6.61464
B38 -26.1013 -34.1922 4.21206
B39 -21.8164 -33.5152 15.6958
Frame 56
B0 43.7948 -16.5659 46.8718
B1 -29.6347 -26.8716 5.89185
B2 -17.6119 25.0637 35.415
B3 8.56846 -32.8631 -30.7565
B4 43.4209 -20.6336 46.5433
B5 44.976 -12.3198 48.0468
B6 -17.0378 -27.7759 -21.2842
B7 -23.0102 -16.7155 -21.5192
B8 -25.1691 -20.8113 -10.7331
B9 28.6739 16.1578 -28.6962
B10 -22.5791 -32.8676 10.9495
B11 -26.3437 -19.5543 -20.3141
B12 -29.0886 -23.8924 -19.7869
B13 -22.4141 -25.1384 -17.4541
B14 -19.0733 25.1856 34.6452
B15 -15.7704 -19.2287 -18.6163
B16 30.0503 14.8637 -27.5196
B17 43.2149 -16.9072 46.6906
B18 -17.7263 -25.3962 -24.5718
B19 39.1137 -17.6571 46.0861
B20 4.07972 -34.3925 -26.5733
B21 -20.3715 24.8015 36.6292
B22 -27.2093 -31.4457 13.4273
B23 -19.5448 -19.5062 -18.8477
B24 28.1127 14.6628 -28.5717
B25 26.7138 15.0906 -26.5307
B26 -18.7907 23.5484 37.5096
B27 -20.3159 20.8326 34.4389
B28 -7.28478 -28.7996 -26.8152
B29 -20.3633 -29.9369 -20.0181
B30 -23.5842 -30.3831 -17.2355
B31 -18.9198 23.6118 35.3069
B32 -21.6895 27.9607 39.0407
B33 40.7924 -14.139 46.974
B34 4.19399 -27.7679 -31.1174
B35 -18.8947 24.3869 35.8132
B36 -16.1362 24.808 35.948
B37 -21.1148 -26.0344 5.66052
B38 -25.9867 -34.021 3.23351
B39 -21.66 -33.2577 14.7423
Frame 57
B0 44.3885 -16.5665 47.3626
B1 -29.5971 -26.5428 4.94819
B2 -17.2642 25.6101 35.6895
B3 7.62726 -32.601 -30.5433
B4 44.0851 -20.4648 46.8284
B5 45.1798 -13.1964 47.9943
B6 -16.3623 -28.0458 -20.598
B7 -22.2107 -16.5763 -20.9349
B8 -24.6627 -21.1979 -9.96239
B9 29.3175 15.7407 -29.205
B10 -22.4215 -32.7143 9.97397
B11 -25.8395 -20.1614 -19.6998
B12 -28.4614 -24.4615 -19.2551
B13 -21.8337 -25.4412 -16.6982
B14 -19.0281 25.5025 34.9318
B15 -15.4181 -19.3688 -17.691
B16 30.2602 14.8279 -28.433
B17 43.5555 -17.2774 47.5089
B18 -17.0565 -25.706 -23.8969
B19 39.2604 -17.4704 46.2908
B20 3.14907 -34.1998 -26.2623
B21 -20.8626 24.9539 36.3458
B22 -27.4454 -31.1115 12.5149
B23 -18.9469 -19.6831 -18.0659
B24 27.9858 14.785 -27.5873
B25 25.9579 15.044 -26.7591
B26 -18.9174 23.9424 37.5644
B27 -20.6498 20.5902 34.5655
B28 -8.12803 -28.4992 -26.3694
B29 -19.6283 -30.2581 -19.4208
B30 -23.0917 -30.7411 -16.4422
B31 -18.2176 23.0841 35.1817
B32 -21.9258 27.9309 39.0494
B33 40.663 -14.5878 46.7667
B34 3.26517 -27.4921 -30.8699
B35 -18.8308 23.7533 35.5241
B36 -16.3177 24.3293 35.9296
B37 -21.0074 -25.8175 4.69025
B38 -25.8501 -33.8089 2.26587
B39 -21.4979 -32.9887 13.7929
Frame 58
B0 44.8543 -16.5083 47.8014
B1 -29.4815 -26.2631 3.99509
B2 -17.0199 26.2541 36.0115
B3 6.69141 -32.3377 -30.3091
B4 44.6687 -20.1696 47.1108
B5 45.269 -14.1657 47.9139
B6 -15.742 -28.2759 -19.8482
B7 -21.4236 -16.552 -20.3186
B8 -24.0794 -21.653 -9.28959
B9 29.8277 15.321 -29.6453
B10 -22.2828 -32.5549 8.99655
B11 -25.3079 -20.7406 -19.0818
B12 -27.8278 -25.0145 -18.7141
B13 -21.2383 -25.7289 -15.9481
B14 -19.0608 25.7589 35.3313
B15 -15.0606 -19.5997 -16.786
B16 30.365 14.7762 -29.2408
B17 43.7864 -17.56 48.2743
B18 -16.4602 -25.979 -23.1421
B19 39.5499 -17.3127 46.5313
B20 2.2237 -33.9935 -25.9443
B21 -21.2163 25.0466 36.071
B22 -27.6405 -30.7835 11.5906
B23 -18.3955 -19.9601 -17.279
B24 27.9494 14.9334 -26.7196
B25 25.3047 15.0009 -27.0968
B26 -19.1189 24.4167 37.5168
B27 -21.0122 20.4774 34.7604
B28 -8.94334 -28.224 -25.86
B29 -18.9343 -30.5166 -18.7489
B30 -22.5664 -31.0106 -15.6351
B31 -17.5335 22.4096 35.0319
B32 -22.0687 27.8047 38.9913
B33 40.6692 -15.0875 46.5985
B34 2.3408 -27.2223 -30.6003
B35 -18.8368 23.2192 35.3227
B36 -16.5179 23.8022 36.0521
B37 -20.9078 -25.6502 3.70938
B38 -25.6838 -33.5677 1.30973
B39 -21.3381 -32.7069 12.8468
Frame 59
B0 45.1869 -16.4609 48.1723
B1 -29.2939 -26.0295 3.04103
B2 -16.8949 26.9608 36.3996
B3 5.7616 -32.0748 -30.0516
B4 45.1463 -19.7724 47.363
B5 45.2158 -15.147 47.7879
B6 -15.1806 -28.4646 -19.0425
B7 -20.6661 -16.6381 -19.6714
B8 -23.4321 -22.165 -8.72488
B9 30.2001 14.9594 -30.073
B10 -22.1615 -32.3898 8.01775
B11 -24.7476 -21.2915 -18.4633
B12 -27.1847 -25.5494 -18.1661
B13 -20.6285 -26.004 -15.2048
B14 -19.1238 25.8821 35.7931
B15 -14.7034 -19.9134 -15.9063
B16 30.4112 14.7084 -29.9114
B17 43.9177 -17.7805 48.9464
B18 -15.9407 -26.2147 -22.3207
B19 39.9622 -17.2315 46.8111
B20 1.30702 -33.7814 -25.6056
B21 -21.45 25.0493 35.7983
B22 -27.7873 -30.4641 10.6544
B23 -17.8967 -20.3303 -16.4953
B24 27.9731 15.0759 -25.9892
B25 24.7783 14.9517 -27.5144
B26 -19.3469 24.8751 37.3224
B27 -21.3844 20.498 35.023
B28 -9.72814 -27.9734 -25.2932
B29 -18.2905 -30.7112 -18.0089
B30 -22.0089 -31.191 -14.8248
B31 -16.9362 21.6336 34.8291
B32 -22.1237 27.5689 38.8802
B33 40.8197 -15.5846 46.4715
B34 1.42182 -26.9596 -30.3062
B35 -18.907 22.7975 35.1972
B36 -16.8254 23.356 36.241
B37 -20.8116 -25.5275 2.72162
B38 -25.4893 -33.3008 0.365838
B39 -21.1844 -32.4128 11.9035
Frame 60
B0 45.4001 -16.4945 48.5021
B1 -29.0398 -25.8388 2.09283
B2 -16.7844 27.5228 36.7502
B3 4.83871 -31.8141 -29.7682
B4 45.5008 -19.3073 47.5632
B5 45.033 -16.1002 47.592
B6 -14.6813 -28.6106 -18.1884
B7 -19.948 -16.8297 -19.0024
B8 -22.7343 -22.722 -8.27464
B9 30.4609 14.6926 -30.5335
B10 -22.0555 -32.2198 7.03804
B11 -24.1605 -21.8157 -17.8465
B12 -26.5293 -26.0638 -17.6131
B13 -20.0045 -26.2689 -14.4696
B14 -19.1895 25.8556 36.2477
B15 -14.3529 -20.3031 -15.0547
B16 30.4013 14.6466 -30.443
B17 43.9458 -17.959 49.518
B18 -15.5139 -26.4106 -21.4378
B19 40.4598 -17.2605 47.1464
B20 0.399464 -33.5638 -25.2464
B21 -21.5692 24.9558 35.5154
B22 -27.8822 -30.1552 9.70804
B23 -17.4539 -20.7855 -15.7228
B24 28.037 15.2034 -25.4026
B25 24.3922 14.8966 -27.985
B26 -19.5655 25.2215 37.0288
B27 -21.7435 20.6507 35.3554
B28 -10.4574 -27.759 -24.6434
B29 -17.7038 -30.8407 -17.2095
B30 -21.4217 -31.2823 -14.0204
B31 -16.4052 20.8374 34.5394
B32 -22.107 27.2049 38.7394
B33 41.1113 -16.0347 46.3636
B34 0.511166 -26.7046 -29.9811
B35 -19.029 22.498 35.1416
B36 -17.2472 22.9975 36.4718
B37 -20.7036 -25.4441 1.73097
B38 -25.267 -33.0112 -0.565143
B39 -21.0305 -32.1113 10.9625
Frame 61
B0 45.5061 -16.6078 48.9002
B1 -28.7243 -25.688 1.15596
B2 -16.6687 27.9455 37.0456
B3 3.92385 -31.557 -29.4569
B4 45.7183 -18.8174 47.7077
B5 44.7273 -17.024 47.3615
B6 -14.2519 -28.7121 -17.2911
B7 -19.2759 -17.1192 -18.3209
B8 -21.9999 -23.3048 -7.92684
B9 30.7931 14.4902 -31.1091
B10 -21.9573 -32.0484 6.05773
B11 -23.5505 -22.3166 -17.2325
B12 -25.8593 -26.5552 -17.0566
B13 -19.3658 -26.5258 -13.7443
B14 -19.2161 25.7135 36.615
B15 -14.0168 -20.7634 -14.2329
B16 30.2997 14.6064 -30.8578
B17 43.87 -18.1056 49.9864
B18 -15.1817 -26.5685 -20.5079
B19 41.0213 -17.3932 47.5693
B20 -0.497098 -33.3446 -24.8615
B21 -21.5688 24.7724 35.2215
B22 -27.9223 -29.8597 8.75355
B23 -17.0692 -21.3159 -14.9674
B24 28.1268 15.3119 -24.9625
B25 24.1519 14.8374 -28.4901
B26 -19.7932 25.4187 36.7225
B27 -22.0474 20.9239 35.7583
B28 -11.1287 -27.5797 -23.9243
B29 -17.1794 -30.9041 -16.3604
B30 -20.8087 -31.285 -13.2304
B31 -15.9473 20.1705 34.2698
B32 -22.0387 26.7002 38.6064
B33 41.5424 -16.43 46.2502
B34 -0.389788 -26.46 -29.6227
B35 -19.1851 22.3295 35.1504
B36 -17.7773 22.7404 36.725
B37 -20.5858 -25.3845 0.739726
B38 -25.0137 -32.7069 -1.4834
B39 -20.8769 -31.8042 10.0233
Frame 62
B0 45.467 -16.6884 49.2788
B1 -28.3475 -25.5777 0.23626
B2 -16.5698 28.2288 37.2884
B3 3.02024 -31.3061 -29.1097
B4 45.7942 -18.364 47.8185
B5 44.3007 -17.9115 47.1872
B6 -13.8941 -28.7694 -16.359
B7 -18.6537 -17.4976 -17.6356
B8 -21.2384 -23.9045 -7.68076
B9 31.2645 14.2485 -31.7242
B10 -21.864 -31.8761 5.07711
B11 -22.9219 -22.7987 -16.6221
B12 -25.1723 -27.0174 -16.4958
B13 -18.7119 -26.7767 -13.0305
B14 -19.1173 25.5091 36.9285
B15 -13.7018 -21.2888 -13.4426
B16 30.0922 14.5879 -31.1686
B17 43.7074 -18.2291 -50
B18 -14.9406 -26.6952 -19.5457
B19 41.6916 -17.5831 48.0782
B20 -1.38166 -33.1257 -24.4497
B21 -21.4373 24.5159 34.9273
B22 -27.908 -29.5782 7.7941
B23 -16.7424 -21.9112 -14.2333
B24 28.2347 15.3985 -24.6696
B25 24.0602 14.7745 -29.0157
B26 -20.0707 25.4895 36.3526
B27 -22.2475 21.28 36.2307
B28 -11.7435 -27.4334 -23.1492
B29 -16.7205 -30.9001 -15.4719
B30 -20.1758 -31.1983 -12.4611
B31 -15.5695 19.6221 34.0455
B32 -21.9336 26.0727 38.5284
B33 42.1211 -16.8167 46.1625
B34 -1.27979 -26.2268 -29.2309
B35 -19.348 22.2983 35.2196
B36 -18.3956 22.6045 36.9757
B37 -20.4423 -25.3484 -0.249265
B38 -24.7264 -32.396 -2.38939
B39 -20.7129 -31.4983 9.08547
Frame 63
B0 45.2917 -16.7573 49.5958
B1 -27.9358 -25.4987 -0.671609
B2